<?xml version="1.0" encoding="utf-8"?><testsuites name="pytest tests"><testsuite name="pytest" errors="0" failures="0" skipped="0" tests="15" time="3.265" timestamp="2026-06-11T11:02:26.801425+00:00" hostname="agent-env-5cd746f7-5e6b-4082-aabc-9a1ca2f5b97a"><testcase classname="tests.test_iter81_broadcasts.TestAudiencePreview" name="test_preview_school_includes_seeded" time="0.558" /><testcase classname="tests.test_iter81_broadcasts.TestAudiencePreview" name="test_preview_filter_by_city" time="0.161" /><testcase classname="tests.test_iter81_broadcasts.TestAudiencePreview" name="test_preview_filter_excludes_other_city" time="0.111" /><testcase classname="tests.test_iter81_broadcasts.TestAudiencePreview" name="test_preview_unauthenticated_rejected" time="0.105" /><testcase classname="tests.test_iter81_broadcasts.TestAudiencePreview" name="test_preview_respects_unsubscribed" time="0.112" /><testcase classname="tests.test_iter81_broadcasts.TestCampaignCRUD" name="test_create_appends_unsubscribe_footer" time="0.216" /><testcase classname="tests.test_iter81_broadcasts.TestCampaignCRUD" name="test_create_preserves_existing_unsubscribe" time="0.143" /><testcase classname="tests.test_iter81_broadcasts.TestCampaignCRUD" name="test_delete_draft_allowed" time="0.317" /><testcase classname="tests.test_iter81_broadcasts.TestCampaignCRUD" name="test_delete_sent_campaign_rejected" time="0.123" /><testcase classname="tests.test_iter81_broadcasts.TestSend" name="test_schedule_sets_status_scheduled" time="0.336" /><testcase classname="tests.test_iter81_broadcasts.TestSend" name="test_send_now_returns_sending" time="0.219" /><testcase classname="tests.test_iter81_broadcasts.TestUnsubscribe" name="test_invalid_token_404" time="0.114" /><testcase classname="tests.test_iter81_broadcasts.TestUnsubscribe" name="test_lookup_and_confirm" time="0.352" /><testcase classname="tests.test_iter81_broadcasts.TestResendWebhook" name="test_email_delivered_event_persisted" time="0.107" /><testcase classname="tests.test_iter81_broadcasts.TestResendWebhook" name="test_email_bounced_auto_unsubscribes" time="0.104" /></testsuite></testsuites>