<?xml version="1.0" encoding="utf-8"?><testsuites name="pytest tests"><testsuite name="pytest" errors="0" failures="1" skipped="0" tests="15" time="2.360" timestamp="2026-06-15T06:13:51.541680+00:00" hostname="agent-env-5cd746f7-5e6b-4082-aabc-9a1ca2f5b97a"><testcase classname="backend.tests.test_iter83_gmail_unified_search.TestGmailAuthUrl" name="test_auth_url_requires_auth" time="0.311" /><testcase classname="backend.tests.test_iter83_gmail_unified_search.TestGmailAuthUrl" name="test_auth_url_returns_google_consent" time="0.392" /><testcase classname="backend.tests.test_iter83_gmail_unified_search.TestGmailAccounts" name="test_list_requires_auth" time="0.041" /><testcase classname="backend.tests.test_iter83_gmail_unified_search.TestGmailAccounts" name="test_list_returns_array_no_tokens" time="0.109" /><testcase classname="backend.tests.test_iter83_gmail_unified_search.TestGmailAccounts" name="test_delete_nonexistent" time="0.116" /><testcase classname="backend.tests.test_iter83_gmail_unified_search.TestGmailOAuthCallback" name="test_callback_with_error_redirects" time="0.106" /><testcase classname="backend.tests.test_iter83_gmail_unified_search.TestGmailOAuthCallback" name="test_callback_invalid_state" time="0.104" /><testcase classname="backend.tests.test_iter83_gmail_unified_search.TestGmailSync" name="test_sync_now_no_accounts" time="0.129" /><testcase classname="backend.tests.test_iter83_gmail_unified_search.TestGmailSync" name="test_sync_now_nonexistent_id" time="0.135" /><testcase classname="backend.tests.test_iter83_gmail_unified_search.TestUnifiedSearch" name="test_requires_auth" time="0.264" /><testcase classname="backend.tests.test_iter83_gmail_unified_search.TestUnifiedSearch" name="test_short_query_returns_empty" time="0.102" /><testcase classname="backend.tests.test_iter83_gmail_unified_search.TestUnifiedSearch" name="test_response_shape" time="0.113" /><testcase classname="backend.tests.test_iter83_gmail_unified_search.TestUnifiedSearch" name="test_phone_digits_search" time="0.117" /><testcase classname="backend.tests.test_iter83_gmail_unified_search.TestDataCenterAutocomplete" name="test_autocomplete_phone" time="0.124"><failure message="AssertionError: missing source_label in {'id': '09dcd297-f09a-4f16-a8eb-e52747b8d46c', 'school_name': 'Test School', 'contact_name': 'John Doe', 'email': 'john@testschool.com', 'phone': '9876543210', 'location': 'Mumbai, Maharashtra', 'board': 'CBSE', 'type': 'school', 'name': 'Test School'}&#10;assert 'source_label' in {'board': 'CBSE', 'contact_name': 'John Doe', 'email': 'john@testschool.com', 'id': '09dcd297-f09a-4f16-a8eb-e52747b8d46c', ...}">backend/tests/test_iter83_gmail_unified_search.py:175: in test_autocomplete_phone
    assert "source_label" in it, f"missing source_label in {it}"
E   AssertionError: missing source_label in {'id': '09dcd297-f09a-4f16-a8eb-e52747b8d46c', 'school_name': 'Test School', 'contact_name': 'John Doe', 'email': 'john@testschool.com', 'phone': '9876543210', 'location': 'Mumbai, Maharashtra', 'board': 'CBSE', 'type': 'school', 'name': 'Test School'}
E   assert 'source_label' in {'board': 'CBSE', 'contact_name': 'John Doe', 'email': 'john@testschool.com', 'id': '09dcd297-f09a-4f16-a8eb-e52747b8d46c', ...}</failure></testcase><testcase classname="backend.tests.test_iter83_gmail_unified_search.TestDataCenterAutocomplete" name="test_autocomplete_short" time="0.099" /></testsuite></testsuites>