<?xml version="1.0" encoding="utf-8"?><testsuites name="pytest tests"><testsuite name="pytest" errors="0" failures="0" skipped="0" tests="17" time="7.875" timestamp="2026-06-16T10:05:09.995400+00:00" hostname="agent-env-5cd746f7-5e6b-4082-aabc-9a1ca2f5b97a"><testcase classname="backend.tests.test_shop.TestPublicProducts" name="test_list_products_shape" time="1.037" /><testcase classname="backend.tests.test_shop.TestPublicProducts" name="test_category_filter" time="0.109" /><testcase classname="backend.tests.test_shop.TestPublicProducts" name="test_count_around_139" time="0.141" /><testcase classname="backend.tests.test_shop.TestOrders" name="test_create_order_success" time="0.305" /><testcase classname="backend.tests.test_shop.TestOrders" name="test_create_order_two_items" time="0.099" /><testcase classname="backend.tests.test_shop.TestOrders" name="test_empty_cart_rejected" time="0.128" /><testcase classname="backend.tests.test_shop.TestOrders" name="test_invalid_pincode_rejected" time="0.098" /><testcase classname="backend.tests.test_shop.TestPayment" name="test_initiate_payment" time="0.581" /><testcase classname="backend.tests.test_shop.TestPayment" name="test_verify_pending" time="0.330" /><testcase classname="backend.tests.test_shop.TestWebhookAndPOs" name="test_webhook_marks_paid_and_creates_pos" time="1.510" /><testcase classname="backend.tests.test_shop.TestAdminEndpoints" name="test_admin_orders_listing" time="0.101" /><testcase classname="backend.tests.test_shop.TestAdminEndpoints" name="test_admin_orders_paid_filter" time="0.099" /><testcase classname="backend.tests.test_shop.TestAdminEndpoints" name="test_admin_products_list_with_overrides" time="0.248" /><testcase classname="backend.tests.test_shop.TestAdminEndpoints" name="test_admin_update_product_override_persists" time="1.378" /><testcase classname="backend.tests.test_shop.TestAdminEndpoints" name="test_admin_hide_product" time="1.432" /><testcase classname="backend.tests.test_shop.TestAdminEndpoints" name="test_admin_patch_po_dispatched" time="0.097" /><testcase classname="backend.tests.test_shop.TestAdminEndpoints" name="test_admin_patch_po_invalid_status" time="0.099" /></testsuite></testsuites>