<?xml version="1.0" encoding="utf-8"?><testsuites name="pytest tests"><testsuite name="pytest" errors="0" failures="0" skipped="0" tests="10" time="2.243" timestamp="2026-04-25T18:42:51.577891+00:00" hostname="agent-env-5cd746f7-5e6b-4082-aabc-9a1ca2f5b97a"><testcase classname="backend.tests.test_iter79_data_export" name="test_list_databases" time="0.823" /><testcase classname="backend.tests.test_iter79_data_export" name="test_list_databases_unauthenticated" time="0.136" /><testcase classname="backend.tests.test_iter79_data_export" name="test_list_collections_primary" time="0.128" /><testcase classname="backend.tests.test_iter79_data_export" name="test_preview_collection" time="0.115" /><testcase classname="backend.tests.test_iter79_data_export" name="test_preview_bogus_collection" time="0.116" /><testcase classname="backend.tests.test_iter79_data_export" name="test_export_csv" time="0.143" /><testcase classname="backend.tests.test_iter79_data_export" name="test_export_csv_404" time="0.137" /><testcase classname="backend.tests.test_iter79_data_export" name="test_export_json_ndjson" time="0.161" /><testcase classname="backend.tests.test_iter79_data_export" name="test_export_json_404" time="0.157" /><testcase classname="backend.tests.test_iter79_data_export" name="test_csv_json_row_consistency" time="0.255" /></testsuite></testsuites>