<?xml version="1.0" encoding="utf-8"?><testsuites name="pytest tests"><testsuite name="pytest" errors="0" failures="0" skipped="0" tests="24" time="3.471" timestamp="2026-05-05T09:38:55.928168+00:00" hostname="agent-env-5cd746f7-5e6b-4082-aabc-9a1ca2f5b97a"><testcase classname="backend.tests.test_iter80_future_skills.TestTrial" name="test_register_trial_new" time="0.226" /><testcase classname="backend.tests.test_iter80_future_skills.TestTrial" name="test_register_trial_dedup" time="0.046" /><testcase classname="backend.tests.test_iter80_future_skills.TestTrial" name="test_register_trial_invalid_email" time="0.050" /><testcase classname="backend.tests.test_iter80_future_skills.TestSubscribe" name="test_subscribe_creates_pending[monthly-2000.0-Monthly]" time="0.048" /><testcase classname="backend.tests.test_iter80_future_skills.TestSubscribe" name="test_subscribe_creates_pending[yearly-21000.0-Yearly]" time="0.046" /><testcase classname="backend.tests.test_iter80_future_skills.TestSubscribe" name="test_subscribe_invalid_plan" time="0.045" /><testcase classname="backend.tests.test_iter80_future_skills.TestPayment" name="test_initiate_payment" time="0.504" /><testcase classname="backend.tests.test_iter80_future_skills.TestPayment" name="test_initiate_payment_unknown_sub" time="0.051" /><testcase classname="backend.tests.test_iter80_future_skills.TestPayment" name="test_verify_unpaid" time="0.309" /><testcase classname="backend.tests.test_iter80_future_skills.TestPayment" name="test_verify_unknown_sub" time="0.070" /><testcase classname="backend.tests.test_iter80_future_skills.TestPayment" name="test_webhook_unmatched_order" time="0.068" /><testcase classname="backend.tests.test_iter80_future_skills.TestPayment" name="test_webhook_empty_body" time="0.049" /><testcase classname="backend.tests.test_iter80_future_skills.TestAdmin" name="test_trials_list_no_auth_403" time="0.138" /><testcase classname="backend.tests.test_iter80_future_skills.TestAdmin" name="test_subs_list_no_auth_403" time="0.125" /><testcase classname="backend.tests.test_iter80_future_skills.TestAdmin" name="test_admin_list_trials" time="0.414" /><testcase classname="backend.tests.test_iter80_future_skills.TestAdmin" name="test_admin_list_trials_filter_q" time="0.117" /><testcase classname="backend.tests.test_iter80_future_skills.TestAdmin" name="test_admin_list_subs" time="0.154" /><testcase classname="backend.tests.test_iter80_future_skills.TestAdmin" name="test_admin_list_subs_status_filter" time="0.103" /><testcase classname="backend.tests.test_iter80_future_skills.TestAdmin" name="test_admin_patch_trial" time="0.253" /><testcase classname="backend.tests.test_iter80_future_skills.TestAdmin" name="test_admin_patch_trial_404" time="0.103" /><testcase classname="backend.tests.test_iter80_future_skills.TestAdmin" name="test_admin_patch_sub" time="0.107" /><testcase classname="backend.tests.test_iter80_future_skills.TestAdmin" name="test_admin_patch_sub_empty_body" time="0.105" /><testcase classname="backend.tests.test_iter80_future_skills.TestRegression" name="test_summer_camp_centres" time="0.102" /><testcase classname="backend.tests.test_iter80_future_skills.TestRegression" name="test_ai_foundations_landing" time="0.110" /></testsuite></testsuites>