<?xml version="1.0" encoding="utf-8"?><testsuites name="pytest tests"><testsuite name="pytest" errors="0" failures="0" skipped="0" tests="7" time="18.190" timestamp="2026-06-11T19:02:24.361790+00:00" hostname="agent-env-5cd746f7-5e6b-4082-aabc-9a1ca2f5b97a"><testcase classname="backend.tests.test_iter82_multi_timetable" name="test_create_new_timetable_appends_to_array" time="5.963" /><testcase classname="backend.tests.test_iter82_multi_timetable" name="test_second_create_appends_again_with_distinct_id" time="3.767" /><testcase classname="backend.tests.test_iter82_multi_timetable" name="test_update_with_explicit_timetable_id_does_not_create_new" time="3.001" /><testcase classname="backend.tests.test_iter82_multi_timetable" name="test_get_returns_timetables_array" time="2.345" /><testcase classname="backend.tests.test_iter82_multi_timetable" name="test_delete_pulls_id_and_clears_legacy" time="1.525" /><testcase classname="backend.tests.test_iter82_multi_timetable" name="test_bulk_email_modal_uses_correct_token_key" time="0.000" /><testcase classname="backend.tests.test_iter82_multi_timetable" name="test_login_page_sets_oll_token_key" time="1.453" /></testsuite></testsuites>