<?xml version="1.0" encoding="utf-8"?><testsuites name="pytest tests"><testsuite name="pytest" errors="0" failures="0" skipped="0" tests="5" time="1.841" timestamp="2026-02-14T11:50:13.829708+00:00" hostname="agent-env-69172392-5b4d-44fb-a97b-7fcb4a96e5ac"><testcase classname="backend.tests.test_pay_fees_integration.TestPayFeesIntegration" name="test_health_check" time="0.292" /><testcase classname="backend.tests.test_pay_fees_integration.TestPayFeesIntegration" name="test_get_payment_by_phone_with_pending_payment" time="0.101" /><testcase classname="backend.tests.test_pay_fees_integration.TestPayFeesIntegration" name="test_get_payment_by_phone_without_pending_payment" time="0.104" /><testcase classname="backend.tests.test_pay_fees_integration.TestPayFeesIntegration" name="test_create_payment_session_endpoint_exists" time="1.181" /><testcase classname="backend.tests.test_pay_fees_integration.TestPayFeesIntegration" name="test_payment_info_returns_correct_structure" time="0.106" /></testsuite></testsuites>