<?xml version="1.0" encoding="utf-8"?><testsuites name="pytest tests"><testsuite name="pytest" errors="0" failures="0" skipped="0" tests="7" time="0.820" timestamp="2026-02-10T02:45:48.882663+00:00" hostname="agent-env-150428f0-3141-424f-b7cb-33e942c0b992"><testcase classname="tests.test_lms_setup_and_orders.TestLMSSetupEndpoint" name="test_lms_students_upload" time="0.380" /><testcase classname="tests.test_lms_setup_and_orders.TestLMSSetupEndpoint" name="test_lms_setup_step_in_workflow" time="0.044" /><testcase classname="tests.test_lms_setup_and_orders.TestOrdersPageData" name="test_school_payments_endpoint" time="0.041" /><testcase classname="tests.test_lms_setup_and_orders.TestOrdersPageData" name="test_school_details_with_mou" time="0.047" /><testcase classname="tests.test_lms_setup_and_orders.TestOrdersPageData" name="test_school_contacts_with_accounts_coordinator" time="0.042" /><testcase classname="tests.test_lms_setup_and_orders.TestOnboardingWorkflowSteps" name="test_get_school_onboarding" time="0.083" /><testcase classname="tests.test_lms_setup_and_orders.TestOnboardingWorkflowSteps" name="test_update_school_contacts" time="0.123" /></testsuite></testsuites>