<?xml version="1.0" encoding="utf-8"?><testsuites name="pytest tests"><testsuite name="pytest" errors="0" failures="0" skipped="0" tests="14" time="2.050" timestamp="2026-01-10T02:04:57.812779+00:00" hostname="agent-env-de4f32ea-4be6-409d-bbb9-be8c77ec21e6"><testcase classname="tests.test_oll_features.TestHealthAndAuth" name="test_health_check" time="0.070" /><testcase classname="tests.test_oll_features.TestHealthAndAuth" name="test_admin_login" time="0.267" /><testcase classname="tests.test_oll_features.TestHealthAndAuth" name="test_admin_login_invalid_credentials" time="0.041" /><testcase classname="tests.test_oll_features.TestStudentInquiry" name="test_create_student_inquiry_online" time="0.037" /><testcase classname="tests.test_oll_features.TestStudentInquiry" name="test_create_student_inquiry_offline" time="0.035" /><testcase classname="tests.test_oll_features.TestStudentInquiry" name="test_get_student_inquiries" time="0.309" /><testcase classname="tests.test_oll_features.TestSchoolInquiry" name="test_create_school_inquiry" time="0.032" /><testcase classname="tests.test_oll_features.TestSchoolInquiry" name="test_get_school_inquiries" time="0.298" /><testcase classname="tests.test_oll_features.TestEducatorApplication" name="test_create_educator_application" time="0.040" /><testcase classname="tests.test_oll_features.TestEducatorApplication" name="test_get_educator_applications" time="0.322" /><testcase classname="tests.test_oll_features.TestAboutPage" name="test_get_about_content" time="0.037" /><testcase classname="tests.test_oll_features.TestDashboardStats" name="test_get_dashboard_stats" time="0.329" /><testcase classname="tests.test_oll_features.TestFAQs" name="test_get_faqs" time="0.031" /><testcase classname="tests.test_oll_features.TestSupportTicket" name="test_create_support_ticket" time="0.080" /></testsuite></testsuites>