<?xml version="1.0" encoding="utf-8"?><testsuites name="pytest tests"><testsuite name="pytest" errors="0" failures="0" skipped="0" tests="16" time="3.332" timestamp="2026-03-31T11:34:12.142123+00:00" hostname="agent-env-5cd746f7-5e6b-4082-aabc-9a1ca2f5b97a"><testcase classname="backend.tests.test_summer_camp.TestSummerCampRegister" name="test_register_cash_payment_success" time="0.251" /><testcase classname="backend.tests.test_summer_camp.TestSummerCampRegister" name="test_register_innovators_online" time="0.098" /><testcase classname="backend.tests.test_summer_camp.TestSummerCampRegister" name="test_register_all_batch_weeks" time="0.413" /><testcase classname="backend.tests.test_summer_camp.TestSummerCampRegister" name="test_register_invalid_age_group" time="0.106" /><testcase classname="backend.tests.test_summer_camp.TestSummerCampRegister" name="test_register_invalid_batch_type" time="0.100" /><testcase classname="backend.tests.test_summer_camp.TestSummerCampRegister" name="test_register_invalid_mode" time="0.140" /><testcase classname="backend.tests.test_summer_camp.TestSummerCampRegister" name="test_register_invalid_batch_week" time="0.108" /><testcase classname="backend.tests.test_summer_camp.TestSummerCampBookingsAPI" name="test_get_bookings_without_auth_fails" time="0.099" /><testcase classname="backend.tests.test_summer_camp.TestSummerCampBookingsAPI" name="test_get_bookings_with_auth" time="0.430" /><testcase classname="backend.tests.test_summer_camp.TestSummerCampBookingsAPI" name="test_get_bookings_filter_by_crm_status" time="0.208" /><testcase classname="backend.tests.test_summer_camp.TestSummerCampBookingsAPI" name="test_get_bookings_filter_by_age_group" time="0.321" /><testcase classname="backend.tests.test_summer_camp.TestSummerCampStats" name="test_stats_without_auth_fails" time="0.106" /><testcase classname="backend.tests.test_summer_camp.TestSummerCampStats" name="test_stats_with_auth" time="0.125" /><testcase classname="backend.tests.test_summer_camp.TestSummerCampVerify" name="test_verify_nonexistent_booking" time="0.111" /><testcase classname="backend.tests.test_summer_camp.TestSummerCampVerify" name="test_verify_existing_booking" time="0.279" /><testcase classname="backend.tests.test_summer_camp.TestSummerCampDataPersistence" name="test_register_and_verify_data_persists" time="0.375" /></testsuite></testsuites>