<?xml version="1.0" encoding="utf-8"?><testsuites name="pytest tests"><testsuite name="pytest" errors="0" failures="0" skipped="0" tests="8" time="5.368" timestamp="2026-02-16T19:18:36.088045+00:00" hostname="agent-env-df4f8c33-034e-445a-ae7f-9e2f1cbc31ea"><testcase classname="backend.tests.test_school_crm_role_based_filtering.TestSchoolCRMRoleBasedFiltering" name="test_admin_login_success" time="0.511" /><testcase classname="backend.tests.test_school_crm_role_based_filtering.TestSchoolCRMRoleBasedFiltering" name="test_team_member_login_success" time="0.396" /><testcase classname="backend.tests.test_school_crm_role_based_filtering.TestSchoolCRMRoleBasedFiltering" name="test_admin_sees_all_leads" time="0.543" /><testcase classname="backend.tests.test_school_crm_role_based_filtering.TestSchoolCRMRoleBasedFiltering" name="test_team_member_sees_only_assigned_leads" time="0.509" /><testcase classname="backend.tests.test_school_crm_role_based_filtering.TestSchoolCRMRoleBasedFiltering" name="test_team_member_leads_have_correct_ownership" time="0.600" /><testcase classname="backend.tests.test_school_crm_role_based_filtering.TestSchoolCRMRoleBasedFiltering" name="test_admin_sees_more_leads_than_team_member" time="1.442" /><testcase classname="backend.tests.test_school_crm_role_based_filtering.TestSchoolCRMRoleBasedFiltering" name="test_admin_filter_by_status" time="0.515" /><testcase classname="backend.tests.test_school_crm_role_based_filtering.TestSchoolCRMRoleBasedFiltering" name="test_team_member_filter_by_status" time="0.797" /></testsuite></testsuites>