<?xml version="1.0" encoding="utf-8"?><testsuites name="pytest tests"><testsuite name="pytest" errors="0" failures="0" skipped="0" tests="10" time="4.670" timestamp="2026-02-24T07:54:12.791561+00:00" hostname="agent-env-528d3ab6-21f7-4aeb-9b6a-81397f3f3c59"><testcase classname="backend.tests.test_orders_student_payments.TestStudentPaymentsAPI" name="test_get_student_payments_returns_200" time="0.653" /><testcase classname="backend.tests.test_orders_student_payments.TestStudentPaymentsAPI" name="test_student_payments_returns_list" time="0.459" /><testcase classname="backend.tests.test_orders_student_payments.TestStudentPaymentsAPI" name="test_student_payments_contain_payment_from_field" time="0.435" /><testcase classname="backend.tests.test_orders_student_payments.TestStudentPaymentsAPI" name="test_student_payments_contain_payment_mode_field" time="0.434" /><testcase classname="backend.tests.test_orders_student_payments.TestStudentPaymentsAPI" name="test_student_payments_have_required_fields" time="0.438" /><testcase classname="backend.tests.test_orders_student_payments.TestStudentPaymentsAPI" name="test_delete_student_payment_requires_auth" time="0.436" /><testcase classname="backend.tests.test_orders_student_payments.TestStudentPaymentsAPI" name="test_delete_student_payment_returns_404_for_nonexistent" time="0.437" /><testcase classname="backend.tests.test_orders_student_payments.TestReceivablesCalculation" name="test_receivables_can_be_calculated" time="0.446" /><testcase classname="backend.tests.test_orders_student_payments.TestSchoolPaymentsAPI" name="test_get_school_payments" time="0.440" /><testcase classname="backend.tests.test_orders_student_payments.TestSchoolPaymentsAPI" name="test_delete_school_payment_requires_auth" time="0.429" /></testsuite></testsuites>