<?xml version="1.0" encoding="utf-8"?><testsuites name="pytest tests"><testsuite name="pytest" errors="0" failures="0" skipped="0" tests="16" time="3.664" timestamp="2026-01-23T10:09:01.523652+00:00" hostname="agent-env-6d61d62b-2d12-49b1-b05c-6612f4b356c4"><testcase classname="tests.test_new_features.TestAuth" name="test_admin_login" time="0.302" /><testcase classname="tests.test_new_features.TestDataCenterStats" name="test_data_center_stats_has_5_totals" time="0.312" /><testcase classname="tests.test_new_features.TestDataCenterStats" name="test_data_center_stats_has_status_breakdown" time="0.043" /><testcase classname="tests.test_new_features.TestDataCenterSearch" name="test_search_returns_all_5_types" time="0.309" /><testcase classname="tests.test_new_features.TestDataCenterSearch" name="test_search_filter_by_team" time="0.073" /><testcase classname="tests.test_new_features.TestDataCenterSearch" name="test_search_filter_by_growth_partners" time="0.033" /><testcase classname="tests.test_new_features.TestAutocompleteAPI" name="test_autocomplete_endpoint_exists" time="0.292" /><testcase classname="tests.test_new_features.TestAutocompleteAPI" name="test_autocomplete_returns_student_fields" time="0.080" /><testcase classname="tests.test_new_features.TestAutocompleteAPI" name="test_autocomplete_minimum_query_length" time="0.077" /><testcase classname="tests.test_new_features.TestAutocompleteAPI" name="test_autocomplete_searches_by_phone" time="0.039" /><testcase classname="tests.test_new_features.TestAutocompleteAPI" name="test_autocomplete_searches_by_email" time="0.035" /><testcase classname="tests.test_new_features.TestStudentOnboardingAmount" name="test_student_inquiry_accepts_conversion_amount" time="0.367" /><testcase classname="tests.test_new_features.TestStudentOnboardingAmount" name="test_conversion_amount_in_student_model" time="0.039" /><testcase classname="tests.test_new_features.TestRevenueReports" name="test_reports_overview_endpoint" time="0.289" /><testcase classname="tests.test_new_features.TestRevenueReports" name="test_revenue_includes_conversion_amount" time="0.147" /><testcase classname="tests.test_new_features.TestCleanup" name="test_cleanup_test_students" time="1.157" /></testsuite></testsuites>