<?xml version="1.0" encoding="utf-8"?><testsuites name="pytest tests"><testsuite name="pytest" errors="0" failures="0" skipped="0" tests="15" time="8.059" timestamp="2026-03-22T23:45:40.016035+00:00" hostname="agent-env-ada1f343-3560-4095-ad31-8320317e3a5e"><testcase classname="backend.tests.test_public_reports_feature.TestPublicReportsFeature" name="test_01_admin_login" time="0.394" /><testcase classname="backend.tests.test_public_reports_feature.TestPublicReportsFeature" name="test_02_get_public_link_info_initial" time="0.367" /><testcase classname="backend.tests.test_public_reports_feature.TestPublicReportsFeature" name="test_03_create_public_link" time="0.599" /><testcase classname="backend.tests.test_public_reports_feature.TestPublicReportsFeature" name="test_04_verify_public_link_exists" time="0.403" /><testcase classname="backend.tests.test_public_reports_feature.TestPublicReportsFeature" name="test_05_verify_wrong_password" time="0.645" /><testcase classname="backend.tests.test_public_reports_feature.TestPublicReportsFeature" name="test_06_verify_correct_password" time="0.646" /><testcase classname="backend.tests.test_public_reports_feature.TestPublicReportsFeature" name="test_07_get_public_report_data" time="0.722" /><testcase classname="backend.tests.test_public_reports_feature.TestPublicReportsFeature" name="test_08_get_public_report_data_with_filters" time="0.708" /><testcase classname="backend.tests.test_public_reports_feature.TestPublicReportsFeature" name="test_09_get_public_report_data_no_auth" time="0.429" /><testcase classname="backend.tests.test_public_reports_feature.TestPublicReportsFeature" name="test_10_update_password" time="0.615" /><testcase classname="backend.tests.test_public_reports_feature.TestPublicReportsFeature" name="test_11_verify_old_password_fails" time="0.681" /><testcase classname="backend.tests.test_public_reports_feature.TestPublicReportsFeature" name="test_12_verify_new_password_works" time="0.700" /><testcase classname="backend.tests.test_public_reports_feature.TestPublicReportsFeature" name="test_13_reset_password" time="0.588" /><testcase classname="backend.tests.test_public_reports_feature.TestPublicReportsFeature" name="test_14_invalid_token_returns_404" time="0.108" /><testcase classname="backend.tests.test_public_reports_feature.TestPublicReportsFeature" name="test_15_password_too_short" time="0.384" /></testsuite></testsuites>