<?xml version="1.0" encoding="utf-8"?><testsuites name="pytest tests"><testsuite name="pytest" errors="0" failures="0" skipped="0" tests="37" time="42.736" timestamp="2026-03-22T05:58:05.746812+00:00" hostname="agent-env-a59a4f23-a56c-4fb6-9cb1-9ff168cb244c"><testcase classname="backend.tests.test_iter48_route_extraction.TestCoreAPI" name="test_health_check" time="0.094" /><testcase classname="backend.tests.test_iter48_route_extraction.TestCoreAPI" name="test_auth_login_returns_access_token" time="0.322" /><testcase classname="backend.tests.test_iter48_route_extraction.TestCoreAPI" name="test_schools_inquiry_returns_data" time="0.480" /><testcase classname="backend.tests.test_iter48_route_extraction.TestReportsRouter" name="test_reports_overview" time="0.107" /><testcase classname="backend.tests.test_iter48_route_extraction.TestReportsRouter" name="test_reports_sales_funnel" time="0.113" /><testcase classname="backend.tests.test_iter48_route_extraction.TestReportsRouter" name="test_reports_lead_analytics" time="0.105" /><testcase classname="backend.tests.test_iter48_route_extraction.TestReportsRouter" name="test_reports_educator_metrics" time="0.103" /><testcase classname="backend.tests.test_iter48_route_extraction.TestReportsRouter" name="test_reports_support_metrics" time="0.099" /><testcase classname="backend.tests.test_iter48_route_extraction.TestReportsRouter" name="test_reports_user_stages" time="0.101" /><testcase classname="backend.tests.test_iter48_route_extraction.TestReportsRouter" name="test_reports_b2c_insights" time="0.093" /><testcase classname="backend.tests.test_iter48_route_extraction.TestReportsRouter" name="test_reports_b2b_insights" time="0.105" /><testcase classname="backend.tests.test_iter48_route_extraction.TestReportsRouter" name="test_reports_support_insights" time="0.100" /><testcase classname="backend.tests.test_iter48_route_extraction.TestReportsRouter" name="test_reports_team_member_not_found" time="0.105" /><testcase classname="backend.tests.test_iter48_route_extraction.TestReportsRouter" name="test_reports_require_auth" time="0.111" /><testcase classname="backend.tests.test_iter48_route_extraction.TestJobsRouter" name="test_check_overdue_tickets_with_secret" time="0.102" /><testcase classname="backend.tests.test_iter48_route_extraction.TestJobsRouter" name="test_check_overdue_tickets_wrong_secret" time="0.095" /><testcase classname="backend.tests.test_iter48_route_extraction.TestJobsRouter" name="test_check_overdue_tickets_no_secret" time="0.105" /><testcase classname="backend.tests.test_iter48_route_extraction.TestJobsRouter" name="test_send_meeting_reminders_with_secret" time="0.108" /><testcase classname="backend.tests.test_iter48_route_extraction.TestJobsRouter" name="test_check_user_phones_requires_admin" time="0.102" /><testcase classname="backend.tests.test_iter48_route_extraction.TestExpensesRouter" name="test_get_expense_categories_returns_12" time="0.098" /><testcase classname="backend.tests.test_iter48_route_extraction.TestExpensesRouter" name="test_get_all_school_expenses_returns_array" time="0.281" /><testcase classname="backend.tests.test_iter48_route_extraction.TestExpensesRouter" name="test_get_expenses_summary" time="0.094" /><testcase classname="backend.tests.test_iter48_route_extraction.TestExpensesRouter" name="test_get_expenses_by_school" time="0.103" /><testcase classname="backend.tests.test_iter48_route_extraction.TestExpensesRouter" name="test_create_expense_invalid_school" time="0.113" /><testcase classname="backend.tests.test_iter48_route_extraction.TestExpensesRouter" name="test_expenses_require_auth" time="0.100" /><testcase classname="backend.tests.test_iter48_route_extraction.TestAdminKeysRouter" name="test_get_service_api_keys_has_resend_field" time="0.101" /><testcase classname="backend.tests.test_iter48_route_extraction.TestAdminKeysRouter" name="test_generate_api_key_returns_key" time="0.113" /><testcase classname="backend.tests.test_iter48_route_extraction.TestAdminKeysRouter" name="test_list_api_keys" time="0.101" /><testcase classname="backend.tests.test_iter48_route_extraction.TestAdminKeysRouter" name="test_generate_and_list_and_delete_api_key" time="0.436" /><testcase classname="backend.tests.test_iter48_route_extraction.TestAdminKeysRouter" name="test_update_api_key" time="0.398" /><testcase classname="backend.tests.test_iter48_route_extraction.TestAdminKeysRouter" name="test_service_keys_require_admin_auth" time="0.095" /><testcase classname="backend.tests.test_iter48_route_extraction.TestAdminKeysRouter" name="test_generate_key_requires_admin_auth" time="0.103" /><testcase classname="backend.tests.test_iter48_route_extraction.TestAdminKeysRouter" name="test_external_schools_requires_api_key" time="0.093" /><testcase classname="backend.tests.test_iter48_route_extraction.TestRouteCount" name="test_reports_routes_registered" time="0.977" /><testcase classname="backend.tests.test_iter48_route_extraction.TestRouteCount" name="test_jobs_routes_registered" time="0.307" /><testcase classname="backend.tests.test_iter48_route_extraction.TestRouteCount" name="test_expenses_routes_registered" time="36.334" /><testcase classname="backend.tests.test_iter48_route_extraction.TestRouteCount" name="test_admin_keys_routes_registered" time="0.271" /></testsuite></testsuites>