<?xml version="1.0" encoding="utf-8"?><testsuites name="pytest tests"><testsuite name="pytest" errors="0" failures="0" skipped="0" tests="9" time="8.002" timestamp="2026-01-15T07:31:36.715252+00:00" hostname="agent-env-bcac21df-5a61-4157-94c4-115388965e39"><testcase classname="tests.test_whatsapp_notifications.TestWhatsAppNotifications" name="test_educator_notify_not_joined_success" time="3.493" /><testcase classname="tests.test_whatsapp_notifications.TestWhatsAppNotifications" name="test_educator_notify_not_joined_not_found" time="0.043" /><testcase classname="tests.test_whatsapp_notifications.TestWhatsAppNotifications" name="test_educator_notify_not_joined_unauthorized" time="1.114" /><testcase classname="tests.test_whatsapp_notifications.TestWhatsAppNotifications" name="test_admin_notify_student_not_joined" time="0.969" /><testcase classname="tests.test_whatsapp_notifications.TestWhatsAppNotifications" name="test_admin_notify_educator_not_joined" time="1.051" /><testcase classname="tests.test_whatsapp_notifications.TestWhatsAppNotifications" name="test_admin_notify_not_joined_not_found" time="0.034" /><testcase classname="tests.test_whatsapp_notifications.TestWhatsAppNotifications" name="test_send_reminders_endpoint_exists" time="0.039" /><testcase classname="tests.test_whatsapp_notifications.TestWhatsAppNotifications" name="test_notify_logs_comment" time="1.142" /><testcase classname="tests.test_whatsapp_notifications.TestWhatsAppTemplates" name="test_templates_defined" time="0.000" /></testsuite></testsuites>