<?xml version="1.0" encoding="utf-8"?><testsuites name="pytest tests"><testsuite name="pytest" errors="0" failures="0" skipped="0" tests="9" time="4.731" timestamp="2026-03-21T20:30:12.307559+00:00" hostname="agent-env-a59a4f23-a56c-4fb6-9cb1-9ff168cb244c"><testcase classname="backend.tests.test_iter47_add_document_and_mou_email.TestAddDocument" name="test_01_admin_login_success" time="0.724" /><testcase classname="backend.tests.test_iter47_add_document_and_mou_email.TestAddDocument" name="test_02_add_document_endpoint_exists" time="0.520" /><testcase classname="backend.tests.test_iter47_add_document_and_mou_email.TestAddDocument" name="test_03_add_document_requires_url" time="0.431" /><testcase classname="backend.tests.test_iter47_add_document_and_mou_email.TestAddDocument" name="test_04_add_document_invalid_school_returns_404" time="0.427" /><testcase classname="backend.tests.test_iter47_add_document_and_mou_email.TestAddDocument" name="test_05_add_document_unauthorized_without_token" time="0.429" /><testcase classname="backend.tests.test_iter47_add_document_and_mou_email.TestAddDocument" name="test_06_add_document_verifies_persistence" time="0.562" /><testcase classname="backend.tests.test_iter47_add_document_and_mou_email.TestSendMOUEmail" name="test_07_send_mou_email_endpoint_exists" time="0.694" /><testcase classname="backend.tests.test_iter47_add_document_and_mou_email.TestSendMOUEmail" name="test_08_send_mou_email_no_email_found_returns_400" time="0.448" /><testcase classname="backend.tests.test_iter47_add_document_and_mou_email.TestSendMOUEmail" name="test_09_send_mou_email_unauthorized" time="0.431" /></testsuite></testsuites>