<?xml version="1.0" encoding="utf-8"?><testsuites name="pytest tests"><testsuite name="pytest" errors="0" failures="0" skipped="0" tests="14" time="6.412" timestamp="2026-01-20T15:27:07.095695+00:00" hostname="agent-env-5d4a8089-dfcc-4c3f-bc2d-9c20629833ca"><testcase classname="tests.test_users_roles.TestUsersAndRoles" name="test_get_roles" time="0.316" /><testcase classname="tests.test_users_roles.TestUsersAndRoles" name="test_create_role" time="0.330" /><testcase classname="tests.test_users_roles.TestUsersAndRoles" name="test_create_duplicate_role_fails" time="0.311" /><testcase classname="tests.test_users_roles.TestUsersAndRoles" name="test_update_role" time="0.312" /><testcase classname="tests.test_users_roles.TestUsersAndRoles" name="test_delete_non_system_role" time="0.295" /><testcase classname="tests.test_users_roles.TestUsersAndRoles" name="test_cannot_delete_system_role" time="0.325" /><testcase classname="tests.test_users_roles.TestUsersAndRoles" name="test_get_team_users" time="0.270" /><testcase classname="tests.test_users_roles.TestUsersAndRoles" name="test_create_team_user_with_role" time="0.608" /><testcase classname="tests.test_users_roles.TestUsersAndRoles" name="test_create_user_duplicate_username_fails" time="0.514" /><testcase classname="tests.test_users_roles.TestUsersAndRoles" name="test_create_user_duplicate_email_fails" time="0.513" /><testcase classname="tests.test_users_roles.TestUsersAndRoles" name="test_update_team_user_role" time="0.674" /><testcase classname="tests.test_users_roles.TestUsersAndRoles" name="test_toggle_user_status" time="0.623" /><testcase classname="tests.test_users_roles.TestUsersAndRoles" name="test_delete_team_user" time="0.527" /><testcase classname="tests.test_users_roles.TestUsersAndRoles" name="test_cannot_delete_role_with_assigned_users" time="0.579" /></testsuite></testsuites>