<?xml version="1.0" encoding="utf-8"?><testsuites name="pytest tests"><testsuite name="pytest" errors="0" failures="0" skipped="0" tests="14" time="2.288" timestamp="2026-01-23T11:31:03.463150+00:00" hostname="agent-env-b2c2642b-6bed-4976-9e72-4ac7b4e189a3"><testcase classname="tests.test_session_visibility_blogs.TestStudentSessionVisibility" name="test_get_user_sessions_endpoint_exists" time="0.076" /><testcase classname="tests.test_session_visibility_blogs.TestStudentSessionVisibility" name="test_get_user_sessions_returns_correct_structure" time="0.077" /><testcase classname="tests.test_session_visibility_blogs.TestStudentSessionVisibility" name="test_get_user_sessions_no_auth_required" time="0.527" /><testcase classname="tests.test_session_visibility_blogs.TestEducatorSessionVisibility" name="test_get_educator_sessions_requires_auth" time="0.301" /><testcase classname="tests.test_session_visibility_blogs.TestEducatorSessionVisibility" name="test_get_educator_sessions_with_auth" time="0.045" /><testcase classname="tests.test_session_visibility_blogs.TestBlogsCRUD" name="test_get_blogs_list" time="0.308" /><testcase classname="tests.test_session_visibility_blogs.TestBlogsCRUD" name="test_get_blogs_public_only_published" time="0.040" /><testcase classname="tests.test_session_visibility_blogs.TestBlogsCRUD" name="test_create_blog" time="0.089" /><testcase classname="tests.test_session_visibility_blogs.TestBlogsCRUD" name="test_update_blog" time="0.091" /><testcase classname="tests.test_session_visibility_blogs.TestBlogsCRUD" name="test_get_blog_by_slug" time="0.082" /><testcase classname="tests.test_session_visibility_blogs.TestBlogsCRUD" name="test_delete_blog" time="0.075" /><testcase classname="tests.test_session_visibility_blogs.TestBlogsCRUD" name="test_blog_categories" time="0.165" /><testcase classname="tests.test_session_visibility_blogs.TestBlogsPublicAccess" name="test_public_blogs_page_data" time="0.042" /><testcase classname="tests.test_session_visibility_blogs.TestCleanup" name="test_cleanup_test_blogs" time="0.299" /></testsuite></testsuites>