<?xml version="1.0" encoding="utf-8"?><testsuites name="pytest tests"><testsuite name="pytest" errors="0" failures="0" skipped="0" tests="20" time="12.952" timestamp="2026-03-21T04:27:54.148254+00:00" hostname="agent-env-b179c4dd-bfe6-4627-8333-c9f819eee2c9"><testcase classname="backend.tests.test_dynamic_onboarding.TestGenerateDynamicOnboardingSteps" name="test_individual_kit_teacher_training" time="2.510" /><testcase classname="backend.tests.test_dynamic_onboarding.TestGenerateDynamicOnboardingSteps" name="test_lab_setup_student_training" time="0.001" /><testcase classname="backend.tests.test_dynamic_onboarding.TestGenerateDynamicOnboardingSteps" name="test_lab_setup_both_training_renewal" time="0.000" /><testcase classname="backend.tests.test_dynamic_onboarding.TestGenerateDynamicOnboardingSteps" name="test_empty_defaults" time="0.000" /><testcase classname="backend.tests.test_dynamic_onboarding.TestGenerateDynamicOnboardingSteps" name="test_step_count_individual_teacher" time="0.000" /><testcase classname="backend.tests.test_dynamic_onboarding.TestGenerateDynamicOnboardingSteps" name="test_step_count_lab_student" time="0.000" /><testcase classname="backend.tests.test_dynamic_onboarding.TestGenerateDynamicOnboardingSteps" name="test_step_count_lab_both_renewal" time="0.000" /><testcase classname="backend.tests.test_dynamic_onboarding.TestGenerateDynamicOnboardingSteps" name="test_mou_signing_always_present" time="0.001" /><testcase classname="backend.tests.test_dynamic_onboarding.TestGenerateDynamicOnboardingSteps" name="test_step_order_mou_not_first" time="0.000" /><testcase classname="backend.tests.test_dynamic_onboarding.TestGenerateDynamicOnboardingSteps" name="test_step_values_have_required_fields" time="0.000" /><testcase classname="backend.tests.test_dynamic_onboarding.TestInitOnboardingAPI" name="test_init_onboarding_individual_teacher" time="1.139" /><testcase classname="backend.tests.test_dynamic_onboarding.TestInitOnboardingAPI" name="test_init_onboarding_lab_setup_student_training" time="0.925" /><testcase classname="backend.tests.test_dynamic_onboarding.TestInitOnboardingAPI" name="test_init_onboarding_renewal_lab_refilling" time="0.878" /><testcase classname="backend.tests.test_dynamic_onboarding.TestPublicTrackingAPI" name="test_public_tracking_no_ghost_steps" time="1.440" /><testcase classname="backend.tests.test_dynamic_onboarding.TestPublicTrackingAPI" name="test_public_tracking_mou_first" time="1.180" /><testcase classname="backend.tests.test_dynamic_onboarding.TestPublicTrackingAPI" name="test_public_tracking_mou_pre_completed" time="1.042" /><testcase classname="backend.tests.test_dynamic_onboarding.TestPublicTrackingAPI" name="test_public_tracking_progress_dynamic" time="1.012" /><testcase classname="backend.tests.test_dynamic_onboarding.TestUpdateOnboardingStepAPI" name="test_update_valid_step_completes_correctly" time="0.839" /><testcase classname="backend.tests.test_dynamic_onboarding.TestUpdateOnboardingStepAPI" name="test_update_invalid_step_returns_400" time="0.880" /><testcase classname="backend.tests.test_dynamic_onboarding.TestUpdateOnboardingStepAPI" name="test_update_next_step_advances_current_step" time="1.008" /></testsuite></testsuites>