<?xml version="1.0" encoding="utf-8"?><testsuites name="pytest tests"><testsuite name="pytest" errors="0" failures="1" skipped="0" tests="5" time="1.713" timestamp="2026-02-14T11:49:50.424761+00:00" hostname="agent-env-69172392-5b4d-44fb-a97b-7fcb4a96e5ac"><testcase classname="backend.tests.test_pay_fees_integration.TestPayFeesIntegration" name="test_health_check" time="0.144" /><testcase classname="backend.tests.test_pay_fees_integration.TestPayFeesIntegration" name="test_get_payment_by_phone_with_pending_payment" time="0.103" /><testcase classname="backend.tests.test_pay_fees_integration.TestPayFeesIntegration" name="test_get_payment_by_phone_without_pending_payment" time="0.116" /><testcase classname="backend.tests.test_pay_fees_integration.TestPayFeesIntegration" name="test_create_payment_session_endpoint_exists" time="1.176" /><testcase classname="backend.tests.test_pay_fees_integration.TestPayFeesIntegration" name="test_student_inquiry_endpoint" time="0.104"><failure message="assert 404 == 200&#10; +  where 404 = &lt;Response [404]&gt;.status_code">backend/tests/test_pay_fees_integration.py:90: in test_student_inquiry_endpoint
    assert response.status_code == 200
E   assert 404 == 200
E    +  where 404 = &lt;Response [404]&gt;.status_code</failure></testcase></testsuite></testsuites>