<?xml version="1.0" encoding="utf-8"?><testsuites name="pytest tests"><testsuite name="pytest" errors="0" failures="0" skipped="0" tests="21" time="4.590" timestamp="2026-04-15T06:55:32.690709+00:00" hostname="agent-env-5cd746f7-5e6b-4082-aabc-9a1ca2f5b97a"><testcase classname="backend.tests.test_iter69_regression.TestInquiryQueryTicketNumber" name="test_inquiry_query_returns_ticket_number" time="0.262" /><testcase classname="backend.tests.test_iter69_regression.TestInquiryQueryTicketNumber" name="test_inquiry_query_id_returned" time="0.105" /><testcase classname="backend.tests.test_iter69_regression.TestEducatorDuplicatePrevention" name="test_first_application_creates_record" time="0.113" /><testcase classname="backend.tests.test_iter69_regression.TestEducatorDuplicatePrevention" name="test_second_application_returns_same_id" time="0.103" /><testcase classname="backend.tests.test_iter69_regression.TestEducatorDuplicatePrevention" name="test_only_one_record_exists_for_phone" time="0.453" /><testcase classname="backend.tests.test_iter69_regression.TestEducatorDeduplicateEndpoint" name="test_deduplicate_endpoint_returns_ok" time="0.104" /><testcase classname="backend.tests.test_iter69_regression.TestSummerCampDuplicatePrevention" name="test_7a_capture_lead_first" time="0.106" /><testcase classname="backend.tests.test_iter69_regression.TestSummerCampDuplicatePrevention" name="test_7b_complete_lead_first_not_duplicate" time="1.137" /><testcase classname="backend.tests.test_iter69_regression.TestSummerCampDuplicatePrevention" name="test_7c_capture_lead_again_same_phone" time="0.101" /><testcase classname="backend.tests.test_iter69_regression.TestSummerCampDuplicatePrevention" name="test_7d_complete_second_lead_same_name_is_duplicate" time="0.105" /><testcase classname="backend.tests.test_iter69_regression.TestSummerCampDuplicatePrevention" name="test_8_different_name_not_duplicate" time="1.164" /><testcase classname="backend.tests.test_iter69_regression.TestSummerCampDuplicatePrevention" name="test_cleanup_summer_camp_test_data" time="0.209" /><testcase classname="backend.tests.test_iter69_regression.TestSupportBackfillTicketNumbers" name="test_backfill_returns_success" time="0.109" /><testcase classname="backend.tests.test_iter69_regression.TestSupportBackfillTicketNumbers" name="test_backfill_breakdown_has_expected_collections" time="0.112" /><testcase classname="backend.tests.test_iter69_regression.TestSupportBackfillTicketNumbers" name="test_backfill_says_nothing_to_update_on_rerun" time="0.206" /><testcase classname="backend.tests.test_iter69_regression.TestCleanupEducatorTestData" name="test_cleanup_test_educator" time="0.139" /><testcase classname="backend.tests.test_iter69_regression.TestSessionExpiredInterceptor" name="test_interceptor_file_exists_and_has_redirect" time="0.000" /><testcase classname="backend.tests.test_iter69_regression.TestDistributorFieldsAPI" name="test_distributor_fields_in_school_state" time="0.002" /><testcase classname="backend.tests.test_iter69_regression.TestStudentPaymentFormValidation" name="test_division_maxlength_is_15" time="0.000" /><testcase classname="backend.tests.test_iter69_regression.TestStudentPaymentFormValidation" name="test_email_has_required_asterisk" time="0.000" /><testcase classname="backend.tests.test_iter69_regression.TestStudentPaymentFormValidation" name="test_email_validation_in_form" time="0.000" /></testsuite></testsuites>