<?xml version="1.0" encoding="utf-8"?><testsuites name="pytest tests"><testsuite name="pytest" errors="0" failures="0" skipped="0" tests="21" time="6.090" timestamp="2026-04-08T07:28:11.337147+00:00" hostname="agent-env-5cd746f7-5e6b-4082-aabc-9a1ca2f5b97a"><testcase classname="backend.tests.test_summer_camp.TestSummerCampRegister" name="test_register_cash_payment_success" time="0.216" /><testcase classname="backend.tests.test_summer_camp.TestSummerCampRegister" name="test_register_innovators_online" time="0.104" /><testcase classname="backend.tests.test_summer_camp.TestSummerCampRegister" name="test_register_all_batch_weeks" time="0.783" /><testcase classname="backend.tests.test_summer_camp.TestSummerCampRegister" name="test_register_invalid_age_group" time="0.095" /><testcase classname="backend.tests.test_summer_camp.TestSummerCampRegister" name="test_register_invalid_batch_type" time="0.125" /><testcase classname="backend.tests.test_summer_camp.TestSummerCampRegister" name="test_register_invalid_mode" time="0.108" /><testcase classname="backend.tests.test_summer_camp.TestSummerCampRegister" name="test_register_invalid_batch_week" time="0.104" /><testcase classname="backend.tests.test_summer_camp.TestSummerCampBookingsAPI" name="test_get_bookings_without_auth_fails" time="0.093" /><testcase classname="backend.tests.test_summer_camp.TestSummerCampBookingsAPI" name="test_get_bookings_with_auth" time="0.440" /><testcase classname="backend.tests.test_summer_camp.TestSummerCampBookingsAPI" name="test_get_bookings_filter_by_crm_status" time="0.218" /><testcase classname="backend.tests.test_summer_camp.TestSummerCampBookingsAPI" name="test_get_bookings_filter_by_age_group" time="0.326" /><testcase classname="backend.tests.test_summer_camp.TestSummerCampStats" name="test_stats_without_auth_fails" time="0.090" /><testcase classname="backend.tests.test_summer_camp.TestSummerCampStats" name="test_stats_with_auth" time="0.110" /><testcase classname="backend.tests.test_summer_camp.TestSummerCampVerify" name="test_verify_nonexistent_booking" time="0.252" /><testcase classname="backend.tests.test_summer_camp.TestSummerCampVerify" name="test_verify_existing_booking" time="0.201" /><testcase classname="backend.tests.test_summer_camp.TestSummerCampDataPersistence" name="test_register_and_verify_data_persists" time="0.317" /><testcase classname="backend.tests.test_summer_camp.TestSummerCampCaptureLeadEndpoint" name="test_capture_lead_creates_phone_captured_status" time="0.227" /><testcase classname="backend.tests.test_summer_camp.TestSummerCampCaptureLeadEndpoint" name="test_capture_lead_with_tracking_ref" time="0.121" /><testcase classname="backend.tests.test_summer_camp.TestSummerCampInitiatePayment" name="test_initiate_payment_includes_order_id" time="1.039" /><testcase classname="backend.tests.test_summer_camp.TestSummerCampInitiatePayment" name="test_initiate_payment_for_already_paid_fails" time="0.098" /><testcase classname="backend.tests.test_summer_camp.TestSummerCampInitiatePayment" name="test_verify_existing_test_booking_has_order_id" time="0.607" /></testsuite></testsuites>