<?xml version="1.0" encoding="utf-8"?><testsuites name="pytest tests"><testsuite name="pytest" errors="0" failures="0" skipped="0" tests="10" time="2.959" timestamp="2026-03-26T01:59:37.904037+00:00" hostname="agent-env-6062db43-445d-427d-a38d-51ecf760ea51"><testcase classname="backend.tests.test_iter60_predeployment.TestAuth" name="test_login_success" time="0.358" /><testcase classname="backend.tests.test_iter60_predeployment.TestAuth" name="test_login_sets_admin_redirect" time="0.483" /><testcase classname="backend.tests.test_iter60_predeployment.TestSchoolInquiriesList" name="test_get_inquiries_returns_list" time="0.668" /><testcase classname="backend.tests.test_iter60_predeployment.TestPatchSchoolInquiry" name="test_patch_with_proposal_onboarding_data" time="0.254" /><testcase classname="backend.tests.test_iter60_predeployment.TestPatchSchoolInquiry" name="test_patch_school_empty_email_no_500" time="0.347" /><testcase classname="backend.tests.test_iter60_predeployment.TestGetSchoolInquiryById" name="test_get_school_inquiry_by_id" time="0.283" /><testcase classname="backend.tests.test_iter60_predeployment.TestGetSchoolInquiryById" name="test_get_school_inquiry_404_for_missing" time="0.129" /><testcase classname="backend.tests.test_iter60_predeployment.TestSupportCenter" name="test_support_queries_has_ai_chat_tickets" time="0.124" /><testcase classname="backend.tests.test_iter60_predeployment.TestDailyDigest" name="test_daily_digest_trigger" time="0.109" /><testcase classname="backend.tests.test_iter60_predeployment.TestMeetingReminders" name="test_meeting_reminders_trigger" time="0.149" /></testsuite></testsuites>