<?xml version="1.0" encoding="utf-8"?><testsuites name="pytest tests"><testsuite name="pytest" errors="0" failures="0" skipped="0" tests="15" time="3.910" timestamp="2026-03-22T12:54:39.950785+00:00" hostname="agent-env-07147c3e-1094-4c48-a5ce-99e9740ebbe8"><testcase classname="backend.tests.test_iter50_followup_email_templates.TestHealth" name="test_health_endpoint" time="0.213" /><testcase classname="backend.tests.test_iter50_followup_email_templates.TestAdminAuth" name="test_admin_login_success" time="0.328" /><testcase classname="backend.tests.test_iter50_followup_email_templates.TestAdminAuth" name="test_admin_login_wrong_password" time="0.330" /><testcase classname="backend.tests.test_iter50_followup_email_templates.TestSchoolsList" name="test_get_schools_list" time="0.538" /><testcase classname="backend.tests.test_iter50_followup_email_templates.TestSchoolsList" name="test_schools_list_has_meeting_done" time="0.158" /><testcase classname="backend.tests.test_iter50_followup_email_templates.TestSendMeetingFollowup" name="test_send_meeting_followup_valid_payload" time="0.490" /><testcase classname="backend.tests.test_iter50_followup_email_templates.TestSendMeetingFollowup" name="test_send_meeting_followup_next_steps_template" time="0.293" /><testcase classname="backend.tests.test_iter50_followup_email_templates.TestSendMeetingFollowup" name="test_send_meeting_followup_confirmation_template" time="0.270" /><testcase classname="backend.tests.test_iter50_followup_email_templates.TestSendMeetingFollowup" name="test_send_meeting_followup_404_invalid_school" time="0.106" /><testcase classname="backend.tests.test_iter50_followup_email_templates.TestSendMeetingFollowup" name="test_send_meeting_followup_requires_auth" time="0.112" /><testcase classname="backend.tests.test_iter50_followup_email_templates.TestBulkEmail" name="test_bulk_email_valid_payload" time="0.563" /><testcase classname="backend.tests.test_iter50_followup_email_templates.TestBulkEmail" name="test_bulk_email_empty_contacts" time="0.119" /><testcase classname="backend.tests.test_iter50_followup_email_templates.TestBulkEmail" name="test_bulk_email_missing_subject" time="0.112" /><testcase classname="backend.tests.test_iter50_followup_email_templates.TestBulkEmail" name="test_bulk_email_missing_body" time="0.109" /><testcase classname="backend.tests.test_iter50_followup_email_templates.TestBulkEmail" name="test_bulk_email_requires_auth" time="0.111" /></testsuite></testsuites>