<?xml version="1.0" encoding="utf-8"?><testsuites name="pytest tests"><testsuite name="pytest" errors="0" failures="0" skipped="0" tests="13" time="1.154" timestamp="2026-02-04T04:48:26.092562+00:00" hostname="agent-env-cf44369e-c549-47f4-9b5d-8455d113a33b"><testcase classname="backend.tests.test_bug_fixes.TestHealthCheck" name="test_api_health" time="0.076" /><testcase classname="backend.tests.test_bug_fixes.TestTeamApplications" name="test_create_team_application_with_position_id" time="0.041" /><testcase classname="backend.tests.test_bug_fixes.TestTeamApplications" name="test_create_team_application_with_empty_position_id" time="0.037" /><testcase classname="backend.tests.test_bug_fixes.TestGrowthPartnerApplications" name="test_create_growth_partner_application" time="0.039" /><testcase classname="backend.tests.test_bug_fixes.TestGrowthPartnerApplications" name="test_get_growth_partners_list" time="0.355" /><testcase classname="backend.tests.test_bug_fixes.TestSchoolCRM" name="test_create_school_inquiry_with_selected_offerings" time="0.075" /><testcase classname="backend.tests.test_bug_fixes.TestSchoolCRM" name="test_get_school_inquiries" time="0.048" /><testcase classname="backend.tests.test_bug_fixes.TestEducatorCRM" name="test_get_educators_list" time="0.035" /><testcase classname="backend.tests.test_bug_fixes.TestTeamApplicationStatusActions" name="test_get_team_applications_with_status" time="0.037" /><testcase classname="backend.tests.test_bug_fixes.TestTeamApplicationStatusActions" name="test_update_team_application_status_to_hired" time="0.151" /><testcase classname="backend.tests.test_bug_fixes.TestTeamApplicationStatusActions" name="test_update_team_application_status_to_rejected" time="0.111" /><testcase classname="backend.tests.test_bug_fixes.TestOrdersPayments" name="test_get_school_payments" time="0.040" /><testcase classname="backend.tests.test_bug_fixes.TestOrdersPayments" name="test_get_student_payments" time="0.043" /></testsuite></testsuites>