<?xml version="1.0" encoding="utf-8"?><testsuites name="pytest tests"><testsuite name="pytest" errors="0" failures="0" skipped="0" tests="6" time="3.292" timestamp="2026-02-14T13:19:51.863419+00:00" hostname="agent-env-914f33b4-ea41-44e5-8283-734dc86402e8"><testcase classname="backend.tests.test_school_payment.TestSchoolPaymentAPI" name="test_get_school_payment_info_success" time="0.194" /><testcase classname="backend.tests.test_school_payment.TestSchoolPaymentAPI" name="test_get_school_payment_info_invalid_school" time="0.106" /><testcase classname="backend.tests.test_school_payment.TestSchoolPaymentCreateSession" name="test_create_payment_session_missing_fields" time="0.206" /><testcase classname="backend.tests.test_school_payment.TestSchoolPaymentCreateSession" name="test_create_payment_session_invalid_school" time="0.097" /><testcase classname="backend.tests.test_school_payment.TestSchoolPaymentCreateSession" name="test_create_payment_session_valid_data" time="1.551" /><testcase classname="backend.tests.test_school_payment.TestFormValidation" name="test_phone_validation" time="1.081" /></testsuite></testsuites>