<?xml version="1.0" encoding="utf-8"?><testsuites name="pytest tests"><testsuite name="pytest" errors="0" failures="0" skipped="0" tests="10" time="1.241" timestamp="2026-02-02T12:17:18.653716+00:00" hostname="agent-env-1c5697e2-0052-49c6-b714-154ae9377c08"><testcase classname="backend.tests.test_renewal_workflow.TestSchoolInquiryUpdateModel" name="test_patch_accepts_lost_reason" time="0.363" /><testcase classname="backend.tests.test_renewal_workflow.TestSchoolInquiryUpdateModel" name="test_patch_accepts_renewal_meeting_fields" time="0.127" /><testcase classname="backend.tests.test_renewal_workflow.TestLostReasonWorkflow" name="test_mark_school_as_lost_with_reason" time="0.161" /><testcase classname="backend.tests.test_renewal_workflow.TestRenewalMeetingWorkflow" name="test_renewal_meeting_stage_exists" time="0.045" /><testcase classname="backend.tests.test_renewal_workflow.TestRenewalMeetingWorkflow" name="test_schedule_renewal_meeting" time="0.114" /><testcase classname="backend.tests.test_renewal_workflow.TestRenewalConversionWorkflow" name="test_convert_renewal_meeting_to_renewed" time="0.120" /><testcase classname="backend.tests.test_renewal_workflow.TestInitOnboardingWithRenewal" name="test_init_onboarding_accepts_is_renewal" time="0.081" /><testcase classname="backend.tests.test_renewal_workflow.TestInitOnboardingWithRenewal" name="test_init_onboarding_without_renewal_flag" time="0.090" /><testcase classname="backend.tests.test_renewal_workflow.TestStatusSections" name="test_all_status_values_accepted" time="0.049" /><testcase classname="backend.tests.test_renewal_workflow.TestTestSchoolData" name="test_test_school_exists" time="0.040" /></testsuite></testsuites>