<?xml version="1.0" encoding="utf-8"?><testsuites name="pytest tests"><testsuite name="pytest" errors="0" failures="0" skipped="2" tests="36" time="6.561" timestamp="2026-04-03T01:45:13.353615+00:00" hostname="agent-env-5cd746f7-5e6b-4082-aabc-9a1ca2f5b97a"><testcase classname="backend.tests.test_iter64_route_refactoring.TestAuthRoutes" name="test_login_returns_access_token" time="0.361" /><testcase classname="backend.tests.test_iter64_route_refactoring.TestAuthRoutes" name="test_login_wrong_password_rejected" time="0.348" /><testcase classname="backend.tests.test_iter64_route_refactoring.TestAuthRoutes" name="test_auth_me_returns_user" time="0.542" /><testcase classname="backend.tests.test_iter64_route_refactoring.TestUsersRoutes" name="test_get_team_users_returns_list" time="0.102" /><testcase classname="backend.tests.test_iter64_route_refactoring.TestUsersRoutes" name="test_get_roles_returns_list" time="0.103" /><testcase classname="backend.tests.test_iter64_route_refactoring.TestStudentsRoutes" name="test_get_student_inquiries_returns_list" time="0.152" /><testcase classname="backend.tests.test_iter64_route_refactoring.TestStudentsRoutes" name="test_get_growth_partners_returns_list" time="0.123" /><testcase classname="backend.tests.test_iter64_route_refactoring.TestStudentsRoutes" name="test_get_school_student_payments_list" time="0.125" /><testcase classname="backend.tests.test_iter64_route_refactoring.TestTeamRoutes" name="test_get_team_applications_returns_list" time="0.105" /><testcase classname="backend.tests.test_iter64_route_refactoring.TestTeamRoutes" name="test_get_expenses_categories_returns_list" time="0.103" /><testcase classname="backend.tests.test_iter64_route_refactoring.TestTeamRoutes" name="test_get_team_onboarding_list" time="0.115" /><testcase classname="backend.tests.test_iter64_route_refactoring.TestEducatorsRoutes" name="test_get_educator_applications_returns_list" time="0.108" /><testcase classname="backend.tests.test_iter64_route_refactoring.TestEducatorsRoutes" name="test_get_educator_onboarding_content" time="0.097" /><testcase classname="backend.tests.test_iter64_route_refactoring.TestEducatorsRoutes" name="test_get_faqs_returns_list" time="0.142" /><testcase classname="backend.tests.test_iter64_route_refactoring.TestSupportRoutes" name="test_get_support_queries_returns_data" time="0.104" /><testcase classname="backend.tests.test_iter64_route_refactoring.TestSupportRoutes" name="test_get_support_tickets_returns_list" time="0.107" /><testcase classname="backend.tests.test_iter64_route_refactoring.TestSchoolsRoutes" name="test_get_schools_names_returns_list" time="0.141" /><testcase classname="backend.tests.test_iter64_route_refactoring.TestSchoolsRoutes" name="test_get_schools_inquiries_returns_data" time="0.153" /><testcase classname="backend.tests.test_iter64_route_refactoring.TestOrdersRoutes" name="test_get_school_payments_returns_data" time="0.107" /><testcase classname="backend.tests.test_iter64_route_refactoring.TestOrdersRoutes" name="test_get_student_payments_returns_data" time="0.114" /><testcase classname="backend.tests.test_iter64_route_refactoring.TestOrdersRoutes" name="test_get_tracking_tickets_returns_data" time="0.115" /><testcase classname="backend.tests.test_iter64_route_refactoring.TestMiscRoutes" name="test_get_health_returns_healthy" time="0.108" /><testcase classname="backend.tests.test_iter64_route_refactoring.TestMiscRoutes" name="test_get_cities_returns_list" time="0.107" /><testcase classname="backend.tests.test_iter64_route_refactoring.TestMiscRoutes" name="test_get_dashboard_stats_returns_object" time="0.109" /><testcase classname="backend.tests.test_iter64_route_refactoring.TestMiscRoutes" name="test_get_centers_returns_list" time="0.102" /><testcase classname="backend.tests.test_iter64_route_refactoring.TestMiscRoutes" name="test_get_demo_slots_returns_data" time="0.146" /><testcase classname="backend.tests.test_iter64_route_refactoring.TestReportsRoutes" name="test_get_reports_overview_returns_data" time="0.127" /><testcase classname="backend.tests.test_iter64_route_refactoring.TestReportsRoutes" name="test_income_expense_endpoint_missing" time="0.098"><skipped type="pytest.xfail" message="GET /api/reports/income-expense returns 404 — endpoint not implemented in routes/reports.py. Only /admin/reports/* routes exist." /></testcase><testcase classname="backend.tests.test_iter64_route_refactoring.TestSummerCampRoutes" name="test_get_summer_camp_bookings_returns_data" time="0.112" /><testcase classname="backend.tests.test_iter64_route_refactoring.TestSummerCampRoutes" name="test_get_summer_camp_stats_returns_data" time="0.150" /><testcase classname="backend.tests.test_iter64_route_refactoring.TestSummerCampRoutes" name="test_summer_camp_batches_endpoint" time="0.099"><skipped type="pytest.xfail" message="GET /api/summer-camp/batches returns 404 — endpoint not implemented. BATCH_DATES constant exists in routes/summer_camp.py but is not exposed via API." /></testcase><testcase classname="backend.tests.test_iter64_route_refactoring.TestGpOnboardingRoutes" name="test_get_gp_onboarding_list" time="0.112" /><testcase classname="backend.tests.test_iter64_route_refactoring.TestJobsRoutes" name="test_jobs_check_user_phones_not_500" time="0.103" /><testcase classname="backend.tests.test_iter64_route_refactoring.TestAiChatRoutes" name="test_ai_chat_not_500" time="0.110" /><testcase classname="backend.tests.test_iter64_route_refactoring.TestRouteIntegrity" name="test_no_duplicate_route_errors" time="0.620" /><testcase classname="backend.tests.test_iter64_route_refactoring.TestRouteIntegrity" name="test_authenticated_endpoints_reject_no_token" time="0.981" /></testsuite></testsuites>