<?xml version="1.0" encoding="utf-8"?><testsuites name="pytest tests"><testsuite name="pytest" errors="0" failures="0" skipped="0" tests="11" time="2.179" timestamp="2026-04-25T04:35:59.302000+00:00" hostname="agent-env-5cd746f7-5e6b-4082-aabc-9a1ca2f5b97a"><testcase classname="backend.tests.test_iter76_requirement_broadcast.TestRequirementBroadcastEndpoints" name="test_test_email_endpoint_success" time="0.622" /><testcase classname="backend.tests.test_iter76_requirement_broadcast.TestRequirementBroadcastEndpoints" name="test_test_email_multiple_recipients" time="0.174" /><testcase classname="backend.tests.test_iter76_requirement_broadcast.TestRequirementBroadcastEndpoints" name="test_test_email_empty_list_400" time="0.122" /><testcase classname="backend.tests.test_iter76_requirement_broadcast.TestRequirementBroadcastEndpoints" name="test_test_email_unknown_requirement_404" time="0.102" /><testcase classname="backend.tests.test_iter76_requirement_broadcast.TestRequirementBroadcastEndpoints" name="test_test_email_requires_auth" time="0.108" /><testcase classname="backend.tests.test_iter76_requirement_broadcast.TestRequirementBroadcastEndpoints" name="test_resend_broadcast_success" time="0.148" /><testcase classname="backend.tests.test_iter76_requirement_broadcast.TestRequirementBroadcastEndpoints" name="test_resend_broadcast_unknown_requirement_404" time="0.144" /><testcase classname="backend.tests.test_iter76_requirement_broadcast.TestRequirementBroadcastEndpoints" name="test_resend_broadcast_requires_auth" time="0.136" /><testcase classname="backend.tests.test_iter76_requirement_broadcast.TestApplyWithReferral" name="test_apply_with_referred_by_resolves_name_and_source" time="0.355" /><testcase classname="backend.tests.test_iter76_requirement_broadcast.TestApplyWithReferral" name="test_apply_with_invalid_referred_by_still_succeeds" time="0.108" /><testcase classname="backend.tests.test_iter76_requirement_broadcast.TestApplyVerifiedReferral" name="test_apply_verified_invalid_otp_400" time="0.102" /></testsuite></testsuites>