<?xml version="1.0" encoding="utf-8"?><testsuites name="pytest tests"><testsuite name="pytest" errors="0" failures="0" skipped="0" tests="9" time="1.901" timestamp="2026-02-04T03:20:19.008667+00:00" hostname="agent-env-5cc5b4cd-4535-49cd-bf94-2ea9f2f01ef8"><testcase classname="backend.tests.test_features.TestAuth" name="test_admin_login" time="0.360" /><testcase classname="backend.tests.test_features.TestTeamMemberReports" name="test_get_team_users" time="0.299" /><testcase classname="backend.tests.test_features.TestTeamMemberReports" name="test_get_team_onboarding" time="0.040" /><testcase classname="backend.tests.test_features.TestTeamMemberReports" name="test_team_member_report_endpoint" time="0.082" /><testcase classname="backend.tests.test_features.TestSchoolCRM" name="test_get_school_inquiries" time="0.306" /><testcase classname="backend.tests.test_features.TestSchoolCRM" name="test_create_school_inquiry" time="0.037" /><testcase classname="backend.tests.test_features.TestSchoolCRM" name="test_update_school_with_offerings" time="0.115" /><testcase classname="backend.tests.test_features.TestStudentCRM" name="test_get_student_inquiries" time="0.299" /><testcase classname="backend.tests.test_features.TestEducators" name="test_get_educator_applications" time="0.296" /></testsuite></testsuites>