<?xml version="1.0" encoding="utf-8"?><testsuites name="pytest tests"><testsuite name="pytest" errors="0" failures="0" skipped="0" tests="11" time="5.880" timestamp="2026-03-24T01:00:32.019921+00:00" hostname="agent-env-e7e2a85e-537c-498e-908b-487d3201a496"><testcase classname="backend.tests.test_iter56_interview_outcomes.TestAuthAndHealth" name="test_health_check" time="0.213" /><testcase classname="backend.tests.test_iter56_interview_outcomes.TestAuthAndHealth" name="test_admin_login" time="0.354" /><testcase classname="backend.tests.test_iter56_interview_outcomes.TestHRInterviewOutcome" name="test_mark_hr_interview_passed" time="0.610" /><testcase classname="backend.tests.test_iter56_interview_outcomes.TestHRInterviewOutcome" name="test_mark_hr_interview_failed_auto_rejects" time="0.658" /><testcase classname="backend.tests.test_iter56_interview_outcomes.TestDeptHeadInterviewOutcome" name="test_mark_depthead_interview_selected" time="0.581" /><testcase classname="backend.tests.test_iter56_interview_outcomes.TestDeptHeadInterviewOutcome" name="test_mark_depthead_interview_not_selected_auto_rejects" time="0.563" /><testcase classname="backend.tests.test_iter56_interview_outcomes.TestMoveToOnboardingLogic" name="test_move_to_onboarding_both_passed" time="0.600" /><testcase classname="backend.tests.test_iter56_interview_outcomes.TestMoveToOnboardingLogic" name="test_verify_existing_application_outcomes" time="0.640" /><testcase classname="backend.tests.test_iter56_interview_outcomes.TestStatusIndicators" name="test_hr_passed_indicator_data" time="0.528" /><testcase classname="backend.tests.test_iter56_interview_outcomes.TestStatusIndicators" name="test_depthead_selected_indicator_data" time="0.550" /><testcase classname="backend.tests.test_iter56_interview_outcomes.TestCleanup" name="test_cleanup_test_applications" time="0.509" /></testsuite></testsuites>