<?xml version="1.0" encoding="utf-8"?><testsuites name="pytest tests"><testsuite name="pytest" errors="0" failures="0" skipped="0" tests="15" time="3.959" timestamp="2026-03-21T03:00:22.259188+00:00" hostname="agent-env-d24bbae3-6dcf-45b7-90c1-36d0aa285aea"><testcase classname="backend.tests.test_school_student_portal.TestOTPAuth" name="test_send_otp_school_student_success" time="1.394" /><testcase classname="backend.tests.test_school_student_portal.TestOTPAuth" name="test_verify_otp_school_student_with_test_otp" time="0.153" /><testcase classname="backend.tests.test_school_student_portal.TestOTPAuth" name="test_verify_otp_invalid_otp" time="0.155" /><testcase classname="backend.tests.test_school_student_portal.TestOTPAuth" name="test_verify_otp_response_has_payments" time="0.309" /><testcase classname="backend.tests.test_school_student_portal.TestSchoolStudentProfile" name="test_get_profile_success" time="0.131" /><testcase classname="backend.tests.test_school_student_portal.TestSchoolStudentProfile" name="test_get_profile_returns_payment_details" time="0.175" /><testcase classname="backend.tests.test_school_student_portal.TestSchoolStudentProfile" name="test_get_profile_has_paid_payment" time="0.149" /><testcase classname="backend.tests.test_school_student_portal.TestSchoolStudentProfile" name="test_get_profile_not_found" time="0.120" /><testcase classname="backend.tests.test_school_student_portal.TestSchoolStudentProfileUpdate" name="test_patch_profile_update_name" time="0.510" /><testcase classname="backend.tests.test_school_student_portal.TestSchoolStudentProfileUpdate" name="test_patch_profile_update_email" time="0.112" /><testcase classname="backend.tests.test_school_student_portal.TestSchoolStudentProfileUpdate" name="test_patch_profile_update_grade_division" time="0.117" /><testcase classname="backend.tests.test_school_student_portal.TestSchoolStudentProfileUpdate" name="test_patch_profile_invalid_fields_ignored" time="0.107" /><testcase classname="backend.tests.test_school_student_portal.TestSchoolStudentProfileUpdate" name="test_patch_profile_not_found" time="0.110" /><testcase classname="backend.tests.test_school_student_portal.TestSchoolStudentReceipt" name="test_get_receipt_for_paid_payment" time="0.224" /><testcase classname="backend.tests.test_school_student_portal.TestSchoolStudentReceipt" name="test_get_receipt_not_found" time="0.109" /></testsuite></testsuites>