<?xml version="1.0" encoding="utf-8"?><testsuites name="pytest tests"><testsuite name="pytest" errors="0" failures="1" skipped="0" tests="7" time="1.277" timestamp="2026-01-28T10:13:40.114811+00:00" hostname="agent-env-3c16259d-8a48-4eac-8f78-a1135f835455"><testcase classname="tests.test_student_payments_and_skills.TestStudentPayments" name="test_student_payments_endpoint_returns_200" time="0.421" /><testcase classname="tests.test_student_payments_and_skills.TestStudentPayments" name="test_student_payments_returns_list" time="0.306" /><testcase classname="tests.test_student_payments_and_skills.TestStudentPayments" name="test_student_payments_structure" time="0.311" /><testcase classname="tests.test_student_payments_and_skills.TestEducatorConfig" name="test_educator_config_returns_200" time="0.036" /><testcase classname="tests.test_student_payments_and_skills.TestEducatorConfig" name="test_educator_config_includes_other_skill" time="0.044" /><testcase classname="tests.test_student_payments_and_skills.TestEducatorConfig" name="test_educator_config_structure" time="0.040" /><testcase classname="tests.test_student_payments_and_skills.TestStudentInquiryWithOtherSkill" name="test_create_student_inquiry_with_other_skill" time="0.035"><failure message="AssertionError: Expected 200/201, got 404: {&quot;detail&quot;:&quot;Not Found&quot;}&#10;assert 404 in [200, 201]&#10; +  where 404 = &lt;Response [404]&gt;.status_code">tests/test_student_payments_and_skills.py:138: in test_create_student_inquiry_with_other_skill
    assert response.status_code in [200, 201], f"Expected 200/201, got {response.status_code}: {response.text}"
E   AssertionError: Expected 200/201, got 404: {"detail":"Not Found"}
E   assert 404 in [200, 201]
E    +  where 404 = &lt;Response [404]&gt;.status_code</failure></testcase></testsuite></testsuites>