<?xml version="1.0" encoding="utf-8"?><testsuites name="pytest tests"><testsuite name="pytest" errors="0" failures="0" skipped="0" tests="14" time="0.757" timestamp="2026-04-17T06:36:05.374927+00:00" hostname="agent-env-5cd746f7-5e6b-4082-aabc-9a1ca2f5b97a"><testcase classname="backend.tests.test_iter71_4_features.TestHealthCheck" name="test_health_endpoint_returns_200" time="0.232" /><testcase classname="backend.tests.test_iter71_4_features.TestAIChatTicketNumber" name="test_ai_chat_imports_get_next_ticket_number" time="0.000" /><testcase classname="backend.tests.test_iter71_4_features.TestAIChatTicketNumber" name="test_raise_ticket_handler_assigns_ticket_number" time="0.000" /><testcase classname="backend.tests.test_iter71_4_features.TestAIChatTicketNumber" name="test_shared_module_has_get_next_ticket_number" time="0.000" /><testcase classname="backend.tests.test_iter71_4_features.TestSchoolCRMRoleDropdowns" name="test_primary_coordinator_option_exists" time="0.002" /><testcase classname="backend.tests.test_iter71_4_features.TestSchoolCRMRoleDropdowns" name="test_secondary_coordinator_option_exists" time="0.002" /><testcase classname="backend.tests.test_iter71_4_features.TestSchoolCRMRoleDropdowns" name="test_all_5_dropdowns_have_coordinator_options" time="0.002" /><testcase classname="backend.tests.test_iter71_4_features.TestAIChatTextareaAutoResize" name="test_handleInputChange_has_auto_resize_logic" time="0.000" /><testcase classname="backend.tests.test_iter71_4_features.TestAIChatTextareaAutoResize" name="test_textarea_has_overflow_hidden" time="0.000" /><testcase classname="backend.tests.test_iter71_4_features.TestAIChatTextareaAutoResize" name="test_enter_key_sends_message" time="0.000" /><testcase classname="backend.tests.test_iter71_4_features.TestSummerCampMobileLayout" name="test_mobile_card_view_class_exists" time="0.000" /><testcase classname="backend.tests.test_iter71_4_features.TestSummerCampMobileLayout" name="test_desktop_table_view_class_exists" time="0.000" /><testcase classname="backend.tests.test_iter71_4_features.TestSummerCampMobileLayout" name="test_mobile_card_view_has_booking_data" time="0.000" /><testcase classname="backend.tests.test_iter71_4_features.TestSummerCampMobileLayout" name="test_summer_camp_api_returns_bookings" time="0.434" /></testsuite></testsuites>