<?xml version="1.0" encoding="utf-8"?><testsuites name="pytest tests"><testsuite name="pytest" errors="0" failures="2" skipped="0" tests="13" time="3.788" timestamp="2026-04-16T16:46:08.741977+00:00" hostname="agent-env-5cd746f7-5e6b-4082-aabc-9a1ca2f5b97a"><testcase classname="backend.tests.test_iter70_educator_apply.TestEducatorApplyCreate" name="test_new_application_returns_200" time="0.232" /><testcase classname="backend.tests.test_iter70_educator_apply.TestEducatorApplyCreate" name="test_new_application_status_demo_scheduled" time="0.129" /><testcase classname="backend.tests.test_iter70_educator_apply.TestEducatorApplyCreate" name="test_new_application_without_demo_date_status_new" time="0.203"><failure message="AssertionError: Expected status='new', got ''&#10;assert '' == 'new'&#10;  &#10;  - new">backend/tests/test_iter70_educator_apply.py:103: in test_new_application_without_demo_date_status_new
    assert data.get("status") == "new", (
E   AssertionError: Expected status='new', got ''
E   assert '' == 'new'
E     
E     - new</failure></testcase><testcase classname="backend.tests.test_iter70_educator_apply.TestEducatorApplyCreate" name="test_new_application_has_meeting_link" time="0.157"><failure message="AssertionError: meeting_link should not be empty when demo_date is provided&#10;assert ''&#10; +  where '' = &lt;built-in method get of dict object at 0xfc79144f3940&gt;('meeting_link')&#10; +    where &lt;built-in method get of dict object at 0xfc79144f3940&gt; = {'aadhar_document': '', 'aadhar_number': '', 'account_holder_name': '', 'account_number': '', ...}.get">backend/tests/test_iter70_educator_apply.py:121: in test_new_application_has_meeting_link
    assert data.get("meeting_link"), "meeting_link should not be empty when demo_date is provided"
E   AssertionError: meeting_link should not be empty when demo_date is provided
E   assert ''
E    +  where '' = &lt;built-in method get of dict object at 0xfc79144f3940&gt;('meeting_link')
E    +    where &lt;built-in method get of dict object at 0xfc79144f3940&gt; = {'aadhar_document': '', 'aadhar_number': '', 'account_holder_name': '', 'account_number': '', ...}.get</failure></testcase><testcase classname="backend.tests.test_iter70_educator_apply.TestEducatorApplyDeduplicate" name="test_reapply_same_phone_returns_200" time="0.249" /><testcase classname="backend.tests.test_iter70_educator_apply.TestEducatorApplyDeduplicate" name="test_reapply_same_phone_updates_name" time="0.654" /><testcase classname="backend.tests.test_iter70_educator_apply.TestEducatorApplyDeduplicate" name="test_reapply_same_phone_updates_demo_date" time="0.236" /><testcase classname="backend.tests.test_iter70_educator_apply.TestEducatorApplyDeduplicate" name="test_reapply_same_phone_no_duplicate_created" time="0.713" /><testcase classname="backend.tests.test_iter70_educator_apply.TestEducatorApplyDeduplicate" name="test_reapply_same_email_no_duplicate" time="0.491" /><testcase classname="backend.tests.test_iter70_educator_apply.TestEducatorApplicationsList" name="test_list_requires_auth" time="0.132" /><testcase classname="backend.tests.test_iter70_educator_apply.TestEducatorApplicationsList" name="test_list_returns_200_with_auth" time="0.114" /><testcase classname="backend.tests.test_iter70_educator_apply.TestEducatorApplicationsList" name="test_list_returns_list_of_dicts" time="0.208" /><testcase classname="backend.tests.test_iter70_educator_apply.TestEducatorApplicationsList" name="test_list_no_mongodb_id" time="0.170" /></testsuite></testsuites>