<?xml version="1.0" encoding="utf-8"?><testsuites name="pytest tests"><testsuite name="pytest" errors="0" failures="0" skipped="0" tests="10" time="10.460" timestamp="2026-04-24T12:52:25.150635+00:00" hostname="agent-env-5cd746f7-5e6b-4082-aabc-9a1ca2f5b97a"><testcase classname="backend.tests.test_iter75_broadcast.TestBroadcastTemplates" name="test_list_templates_returns_seven" time="0.489" /><testcase classname="backend.tests.test_iter75_broadcast.TestBroadcastDryRun" name="test_invalid_template_returns_400" time="0.105" /><testcase classname="backend.tests.test_iter75_broadcast.TestBroadcastDryRun" name="test_dryrun_all_leads" time="0.109" /><testcase classname="backend.tests.test_iter75_broadcast.TestBroadcastDryRun" name="test_dryrun_by_status_filter" time="0.144" /><testcase classname="backend.tests.test_iter75_broadcast.TestBroadcastDryRun" name="test_dryrun_by_assignee_unassigned" time="0.115" /><testcase classname="backend.tests.test_iter75_broadcast.TestBroadcastDryRun" name="test_dryrun_by_booking_ids" time="0.242" /><testcase classname="backend.tests.test_iter75_broadcast.TestBroadcastLiveAndHistory" name="test_live_send_by_booking_ids_and_history" time="6.529" /><testcase classname="backend.tests.test_iter75_broadcast.TestBroadcastLiveAndHistory" name="test_history_endpoint_returns_list" time="0.118" /><testcase classname="backend.tests.test_iter75_broadcast.TestLeadCreationPaths" name="test_add_lead_with_send_notifications_succeeds" time="0.122" /><testcase classname="backend.tests.test_iter75_broadcast.TestLeadCreationPaths" name="test_bulk_import_unique_booking_refs" time="2.435" /></testsuite></testsuites>