<?xml version="1.0" encoding="utf-8"?><testsuites name="pytest tests"><testsuite name="pytest" errors="0" failures="1" skipped="0" tests="7" time="0.866" timestamp="2026-02-10T02:45:31.727587+00:00" hostname="agent-env-150428f0-3141-424f-b7cb-33e942c0b992"><testcase classname="tests.test_lms_setup_and_orders.TestLMSSetupEndpoint" name="test_lms_students_upload" time="0.401" /><testcase classname="tests.test_lms_setup_and_orders.TestLMSSetupEndpoint" name="test_lms_setup_step_in_workflow" time="0.049"><failure message="AssertionError: assert 'status' in {'completed': True, 'completed_date': '2026-02-10T02:45:32.175361+00:00', 'data': {'file_url': '', 'notes': '', 'students_list': [{'class': '5', 'name': 'TEST_Student1', 'password': 'pass123', 'username': 'test_user1'}, {'class': '6', 'name': 'TEST_Student2', 'password': 'pass456', 'username': 'test_user2'}], 'students_uploaded': 2, ...}, 'description': 'Student credentials uploaded to LMS', ...}">tests/test_lms_setup_and_orders.py:80: in test_lms_setup_step_in_workflow
    assert 'status' in lms_step
E   AssertionError: assert 'status' in {'completed': True, 'completed_date': '2026-02-10T02:45:32.175361+00:00', 'data': {'file_url': '', 'notes': '', 'students_list': [{'class': '5', 'name': 'TEST_Student1', 'password': 'pass123', 'username': 'test_user1'}, {'class': '6', 'name': 'TEST_Student2', 'password': 'pass456', 'username': 'test_user2'}], 'students_uploaded': 2, ...}, 'description': 'Student credentials uploaded to LMS', ...}</failure></testcase><testcase classname="tests.test_lms_setup_and_orders.TestOrdersPageData" name="test_school_payments_endpoint" time="0.037" /><testcase classname="tests.test_lms_setup_and_orders.TestOrdersPageData" name="test_school_details_with_mou" time="0.051" /><testcase classname="tests.test_lms_setup_and_orders.TestOrdersPageData" name="test_school_contacts_with_accounts_coordinator" time="0.047" /><testcase classname="tests.test_lms_setup_and_orders.TestOnboardingWorkflowSteps" name="test_get_school_onboarding" time="0.078" /><testcase classname="tests.test_lms_setup_and_orders.TestOnboardingWorkflowSteps" name="test_update_school_contacts" time="0.128" /></testsuite></testsuites>