<?xml version="1.0" encoding="utf-8"?><testsuites name="pytest tests"><testsuite name="pytest" errors="0" failures="6" skipped="0" tests="10" time="1.947" timestamp="2026-02-04T04:47:19.769410+00:00" hostname="agent-env-cf44369e-c549-47f4-9b5d-8455d113a33b"><testcase classname="backend.tests.test_bug_fixes.TestHealthCheck" name="test_api_health" time="0.069" /><testcase classname="backend.tests.test_bug_fixes.TestTeamApplications" name="test_create_team_application_with_position_id" time="0.040" /><testcase classname="backend.tests.test_bug_fixes.TestTeamApplications" name="test_create_team_application_with_empty_position_id" time="0.036" /><testcase classname="backend.tests.test_bug_fixes.TestGrowthPartnerApplications" name="test_create_growth_partner_application" time="0.038" /><testcase classname="backend.tests.test_bug_fixes.TestGrowthPartnerApplications" name="test_get_growth_partners_list" time="0.384"><failure message="AssertionError: Expected 200, got 401: {&quot;detail&quot;:&quot;Invalid token&quot;}&#10;assert 401 == 200&#10; +  where 401 = &lt;Response [401]&gt;.status_code">backend/tests/test_bug_fixes.py:129: in test_get_growth_partners_list
    assert response.status_code == 200, f"Expected 200, got {response.status_code}: {response.text}"
E   AssertionError: Expected 200, got 401: {"detail":"Invalid token"}
E   assert 401 == 200
E    +  where 401 = &lt;Response [401]&gt;.status_code</failure></testcase><testcase classname="backend.tests.test_bug_fixes.TestSchoolCRM" name="test_create_school_inquiry_with_selected_offerings" time="0.034"><failure message="AssertionError: Expected 200, got 404: {&quot;detail&quot;:&quot;Not Found&quot;}&#10;assert 404 == 200&#10; +  where 404 = &lt;Response [404]&gt;.status_code">backend/tests/test_bug_fixes.py:158: in test_create_school_inquiry_with_selected_offerings
    assert response.status_code == 200, f"Expected 200, got {response.status_code}: {response.text}"
E   AssertionError: Expected 200, got 404: {"detail":"Not Found"}
E   assert 404 == 200
E    +  where 404 = &lt;Response [404]&gt;.status_code</failure></testcase><testcase classname="backend.tests.test_bug_fixes.TestEducatorCRM" name="test_get_educators_list" time="0.297"><failure message="AssertionError: Expected 200, got 404: {&quot;detail&quot;:&quot;Not Found&quot;}&#10;assert 404 == 200&#10; +  where 404 = &lt;Response [404]&gt;.status_code">backend/tests/test_bug_fixes.py:191: in test_get_educators_list
    assert response.status_code == 200, f"Expected 200, got {response.status_code}: {response.text}"
E   AssertionError: Expected 200, got 404: {"detail":"Not Found"}
E   assert 404 == 200
E    +  where 404 = &lt;Response [404]&gt;.status_code</failure></testcase><testcase classname="backend.tests.test_bug_fixes.TestTeamApplicationStatusActions" name="test_get_team_applications_with_status" time="0.292"><failure message="AssertionError: Expected 200, got 401: {&quot;detail&quot;:&quot;Invalid token&quot;}&#10;assert 401 == 200&#10; +  where 401 = &lt;Response [401]&gt;.status_code">backend/tests/test_bug_fixes.py:230: in test_get_team_applications_with_status
    assert response.status_code == 200, f"Expected 200, got {response.status_code}: {response.text}"
E   AssertionError: Expected 200, got 401: {"detail":"Invalid token"}
E   assert 401 == 200
E    +  where 401 = &lt;Response [401]&gt;.status_code</failure></testcase><testcase classname="backend.tests.test_bug_fixes.TestTeamApplicationStatusActions" name="test_update_team_application_status_to_hired" time="0.361"><failure message="AssertionError: Expected 200, got 401&#10;assert 401 == 200&#10; +  where 401 = &lt;Response [401]&gt;.status_code">backend/tests/test_bug_fixes.py:298: in test_update_team_application_status_to_hired
    assert update_response.status_code == 200, f"Expected 200, got {update_response.status_code}"
E   AssertionError: Expected 200, got 401
E   assert 401 == 200
E    +  where 401 = &lt;Response [401]&gt;.status_code</failure></testcase><testcase classname="backend.tests.test_bug_fixes.TestOrdersModal" name="test_get_orders_list" time="0.288"><failure message="AssertionError: Expected 200, got 404: {&quot;detail&quot;:&quot;Not Found&quot;}&#10;assert 404 == 200&#10; +  where 404 = &lt;Response [404]&gt;.status_code">backend/tests/test_bug_fixes.py:325: in test_get_orders_list
    assert response.status_code == 200, f"Expected 200, got {response.status_code}: {response.text}"
E   AssertionError: Expected 200, got 404: {"detail":"Not Found"}
E   assert 404 == 200
E    +  where 404 = &lt;Response [404]&gt;.status_code</failure></testcase></testsuite></testsuites>