<?xml version="1.0" encoding="utf-8"?><testsuites name="pytest tests"><testsuite name="pytest" errors="0" failures="0" skipped="0" tests="5" time="1.984" timestamp="2026-04-24T05:53:34.806262+00:00" hostname="agent-env-5cd746f7-5e6b-4082-aabc-9a1ca2f5b97a"><testcase classname="backend.tests.test_summer_camp_assign.TestCaptureLeadDedup" name="test_capture_lead_dedup_returns_same_booking_id" time="0.369" /><testcase classname="backend.tests.test_summer_camp_assign.TestAssignBooking" name="test_assign_and_unassign" time="1.073" /><testcase classname="backend.tests.test_summer_camp_assign.TestAssignBooking" name="test_assign_invalid_user" time="0.240" /><testcase classname="backend.tests.test_summer_camp_assign.TestCleanupDuplicates" name="test_cleanup_duplicates" time="0.109" /><testcase classname="backend.tests.test_summer_camp_assign.TestKPICounts" name="test_kpi_total_matches_sum" time="0.136" /></testsuite></testsuites>