<?xml version="1.0" encoding="utf-8"?><testsuites name="pytest tests"><testsuite name="pytest" errors="0" failures="0" skipped="0" tests="19" time="1.693" timestamp="2026-01-11T14:44:02.456924+00:00" hostname="agent-env-31412b6c-5898-454c-99fe-d8455e54576b"><testcase classname="tests.test_inquiry_system.TestHealthCheck" name="test_health_check" time="0.081" /><testcase classname="tests.test_inquiry_system.TestInquiryLeadAPI" name="test_create_student_lead" time="0.040" /><testcase classname="tests.test_inquiry_system.TestInquiryLeadAPI" name="test_create_school_lead" time="0.055" /><testcase classname="tests.test_inquiry_system.TestInquiryLeadAPI" name="test_create_growth_partner_lead" time="0.050" /><testcase classname="tests.test_inquiry_system.TestInquiryLeadAPI" name="test_create_teacher_lead" time="0.037" /><testcase classname="tests.test_inquiry_system.TestInquiryLeadAPI" name="test_create_team_lead" time="0.039" /><testcase classname="tests.test_inquiry_system.TestInquiryQueryAPI" name="test_create_demo_related_query" time="0.041" /><testcase classname="tests.test_inquiry_system.TestInquiryQueryAPI" name="test_create_payment_query" time="0.048" /><testcase classname="tests.test_inquiry_system.TestInquiryQueryAPI" name="test_create_technical_query" time="0.043" /><testcase classname="tests.test_inquiry_system.TestInquiryQueryAPI" name="test_create_feedback_query" time="0.040" /><testcase classname="tests.test_inquiry_system.TestInquiryLeadsRetrieval" name="test_get_inquiry_leads" time="0.356" /><testcase classname="tests.test_inquiry_system.TestInquiryLeadsRetrieval" name="test_get_inquiry_queries" time="0.300" /><testcase classname="tests.test_inquiry_system.TestCitiesAndCenters" name="test_get_cities" time="0.038" /><testcase classname="tests.test_inquiry_system.TestCitiesAndCenters" name="test_get_centers_by_city" time="0.083" /><testcase classname="tests.test_inquiry_system.TestOTPFlow" name="test_send_otp" time="0.039" /><testcase classname="tests.test_inquiry_system.TestOTPFlow" name="test_verify_otp" time="0.072" /><testcase classname="tests.test_inquiry_system.TestStudentInquiryWithDemoBooking" name="test_create_student_inquiry_online_mode" time="0.041" /><testcase classname="tests.test_inquiry_system.TestStudentInquiryWithDemoBooking" name="test_create_student_inquiry_offline_center" time="0.035" /><testcase classname="tests.test_inquiry_system.TestStudentInquiryWithDemoBooking" name="test_create_student_inquiry_offline_home" time="0.039" /></testsuite></testsuites>