<?xml version="1.0" encoding="utf-8"?><testsuites name="pytest tests"><testsuite name="pytest" errors="0" failures="0" skipped="0" tests="16" time="5.363" timestamp="2026-04-25T05:38:03.612356+00:00" hostname="agent-env-5cd746f7-5e6b-4082-aabc-9a1ca2f5b97a"><testcase classname="backend.tests.test_iter77_educator_interview.TestInterviewStart" name="test_start_with_valid_application" time="0.310" /><testcase classname="backend.tests.test_iter77_educator_interview.TestInterviewStart" name="test_start_resumes_in_progress_session" time="0.230" /><testcase classname="backend.tests.test_iter77_educator_interview.TestInterviewStart" name="test_start_with_bogus_application" time="0.095" /><testcase classname="backend.tests.test_iter77_educator_interview.TestInterviewGet" name="test_get_session" time="0.213" /><testcase classname="backend.tests.test_iter77_educator_interview.TestInterviewGet" name="test_get_nonexistent_session" time="0.100" /><testcase classname="backend.tests.test_iter77_educator_interview.TestRespondValidation" name="test_respond_short_audio_returns_400" time="0.322" /><testcase classname="backend.tests.test_iter77_educator_interview.TestRespondValidation" name="test_respond_mismatched_question_id_returns_400" time="0.100" /><testcase classname="backend.tests.test_iter77_educator_interview.TestRespondValidation" name="test_respond_for_nonexistent_session" time="0.115" /><testcase classname="backend.tests.test_iter77_educator_interview.TestAntiCheat" name="test_anti_cheat_progressive_warnings_and_auto_fail" time="2.587" /><testcase classname="backend.tests.test_iter77_educator_interview.TestAntiCheat" name="test_respond_after_auto_failed_returns_400" time="0.116" /><testcase classname="backend.tests.test_iter77_educator_interview.TestAdminInterviews" name="test_list_requires_auth" time="0.099" /><testcase classname="backend.tests.test_iter77_educator_interview.TestAdminInterviews" name="test_list_with_auth" time="0.443" /><testcase classname="backend.tests.test_iter77_educator_interview.TestAdminInterviews" name="test_list_filtered_by_application" time="0.122" /><testcase classname="backend.tests.test_iter77_educator_interview.TestAdminInterviews" name="test_admin_get_detail" time="0.207" /><testcase classname="backend.tests.test_iter77_educator_interview.TestAdminInterviews" name="test_admin_get_detail_404" time="0.122" /><testcase classname="backend.tests.test_iter77_educator_interview.TestAdminInterviews" name="test_admin_get_detail_requires_auth" time="0.105" /></testsuite></testsuites>