<?xml version="1.0" encoding="utf-8"?><testsuites name="pytest tests"><testsuite name="pytest" errors="0" failures="0" skipped="0" tests="11" time="49.424" timestamp="2026-02-14T05:33:31.791580+00:00" hostname="agent-env-1a0dbe40-65ad-4045-a6b2-43d0e7d8db32"><testcase classname="backend.tests.test_school_crm_pipeline_persistence.TestSchoolCRMPipelinePersistence" name="test_01_create_school_lead_with_all_fields" time="0.736" /><testcase classname="backend.tests.test_school_crm_pipeline_persistence.TestSchoolCRMPipelinePersistence" name="test_02_add_notes_persist" time="0.937" /><testcase classname="backend.tests.test_school_crm_pipeline_persistence.TestSchoolCRMPipelinePersistence" name="test_03_status_change_new_to_contacted" time="1.055" /><testcase classname="backend.tests.test_school_crm_pipeline_persistence.TestSchoolCRMPipelinePersistence" name="test_04_schedule_meeting_persistence" time="0.879" /><testcase classname="backend.tests.test_school_crm_pipeline_persistence.TestSchoolCRMPipelinePersistence" name="test_05_status_change_to_meeting_done" time="1.165" /><testcase classname="backend.tests.test_school_crm_pipeline_persistence.TestSchoolCRMPipelinePersistence" name="test_06_convert_school_with_onboarding_data" time="37.061" /><testcase classname="backend.tests.test_school_crm_pipeline_persistence.TestSchoolCRMPipelinePersistence" name="test_07_edit_active_school_details" time="1.010" /><testcase classname="backend.tests.test_school_crm_pipeline_persistence.TestSchoolCRMPipelinePersistence" name="test_08_init_onboarding_workflow" time="1.053" /><testcase classname="backend.tests.test_school_crm_pipeline_persistence.TestSchoolCRMPipelinePersistence" name="test_09_activity_history_tracking" time="1.212" /><testcase classname="backend.tests.test_school_crm_pipeline_persistence.TestSchoolCRMPipelinePersistence" name="test_10_renewal_flow" time="1.712" /><testcase classname="backend.tests.test_school_crm_pipeline_persistence.TestSchoolCRMPipelinePersistence" name="test_11_full_pipeline_e2e" time="2.545" /></testsuite></testsuites>