<?xml version="1.0" encoding="utf-8"?><testsuites name="pytest tests"><testsuite name="pytest" errors="0" failures="0" skipped="0" tests="24" time="14.851" timestamp="2026-03-24T00:46:11.203215+00:00" hostname="agent-env-e7e2a85e-537c-498e-908b-487d3201a496"><testcase classname="backend.tests.test_iter55_team_applications_workflow.TestAuthAndHealth" name="test_health_check" time="0.249" /><testcase classname="backend.tests.test_iter55_team_applications_workflow.TestAuthAndHealth" name="test_admin_login" time="0.352" /><testcase classname="backend.tests.test_iter55_team_applications_workflow.TestTeamApplicationsEndpoint" name="test_get_team_applications" time="0.467" /><testcase classname="backend.tests.test_iter55_team_applications_workflow.TestTeamApplicationsEndpoint" name="test_applications_have_new_pipeline_fields" time="0.437" /><testcase classname="backend.tests.test_iter55_team_applications_workflow.TestCreateTeamApplication" name="test_create_team_application" time="0.453" /><testcase classname="backend.tests.test_iter55_team_applications_workflow.TestUpdateTeamApplicationPipeline" name="test_update_telephonic_round" time="0.640" /><testcase classname="backend.tests.test_iter55_team_applications_workflow.TestUpdateTeamApplicationPipeline" name="test_update_hr_interview" time="0.609" /><testcase classname="backend.tests.test_iter55_team_applications_workflow.TestUpdateTeamApplicationPipeline" name="test_update_dept_head_interview" time="0.583" /><testcase classname="backend.tests.test_iter55_team_applications_workflow.TestUpdateTeamApplicationPipeline" name="test_update_trial_period" time="0.544" /><testcase classname="backend.tests.test_iter55_team_applications_workflow.TestUpdateTeamApplicationPipeline" name="test_update_status_to_candidate" time="0.548" /><testcase classname="backend.tests.test_iter55_team_applications_workflow.TestUpdateTeamApplicationPipeline" name="test_update_status_to_onboarding" time="0.595" /><testcase classname="backend.tests.test_iter55_team_applications_workflow.TestUpdateTeamApplicationPipeline" name="test_update_onboarding_fields" time="0.553" /><testcase classname="backend.tests.test_iter55_team_applications_workflow.TestUpdateTeamApplicationPipeline" name="test_update_status_to_active" time="0.541" /><testcase classname="backend.tests.test_iter55_team_applications_workflow.TestUpdateTeamApplicationPipeline" name="test_update_status_to_past_member" time="0.555" /><testcase classname="backend.tests.test_iter55_team_applications_workflow.TestUpdateTeamApplicationPipeline" name="test_update_status_to_rejected" time="0.564" /><testcase classname="backend.tests.test_iter55_team_applications_workflow.TestBulkUpload" name="test_bulk_upload_csv" time="0.441" /><testcase classname="backend.tests.test_iter55_team_applications_workflow.TestBulkUpload" name="test_bulk_upload_missing_required_fields" time="0.433" /><testcase classname="backend.tests.test_iter55_team_applications_workflow.TestBulkUpload" name="test_bulk_upload_invalid_file_type" time="0.485" /><testcase classname="backend.tests.test_iter55_team_applications_workflow.TestFilterByStatus" name="test_filter_by_applicant_status" time="0.466" /><testcase classname="backend.tests.test_iter55_team_applications_workflow.TestFilterByStatus" name="test_filter_by_candidate_status" time="0.429" /><testcase classname="backend.tests.test_iter55_team_applications_workflow.TestFilterByStatus" name="test_filter_by_onboarding_status" time="0.463" /><testcase classname="backend.tests.test_iter55_team_applications_workflow.TestFilterByStatus" name="test_filter_by_active_status" time="0.445" /><testcase classname="backend.tests.test_iter55_team_applications_workflow.TestFilterByStatus" name="test_filter_by_rejected_status" time="0.465" /><testcase classname="backend.tests.test_iter55_team_applications_workflow.TestCleanup" name="test_cleanup_test_applications" time="3.447" /></testsuite></testsuites>