<?xml version="1.0" encoding="utf-8"?><testsuites name="pytest tests"><testsuite name="pytest" errors="0" failures="0" skipped="0" tests="11" time="2.123" timestamp="2026-02-04T03:59:34.321109+00:00" hostname="agent-env-cf44369e-c549-47f4-9b5d-8455d113a33b"><testcase classname="backend.tests.test_team_gp_reports.TestAuth" name="test_admin_login" time="0.344" /><testcase classname="backend.tests.test_team_gp_reports.TestTeamApplications" name="test_get_team_applications" time="0.293" /><testcase classname="backend.tests.test_team_gp_reports.TestTeamApplications" name="test_get_team_onboarding" time="0.042" /><testcase classname="backend.tests.test_team_gp_reports.TestTeamOnboardingSteps" name="test_onboarding_steps_structure" time="0.296" /><testcase classname="backend.tests.test_team_gp_reports.TestGrowthPartners" name="test_get_growth_partners" time="0.296" /><testcase classname="backend.tests.test_team_gp_reports.TestGrowthPartners" name="test_get_gp_onboarding" time="0.036" /><testcase classname="backend.tests.test_team_gp_reports.TestSupportInsights" name="test_get_support_insights" time="0.297" /><testcase classname="backend.tests.test_team_gp_reports.TestSupportInsights" name="test_support_insights_query_types_structure" time="0.040" /><testcase classname="backend.tests.test_team_gp_reports.TestSupportInsights" name="test_support_insights_status_breakdown_structure" time="0.038" /><testcase classname="backend.tests.test_team_gp_reports.TestSupportInsights" name="test_support_insights_priority_breakdown_structure" time="0.037" /><testcase classname="backend.tests.test_team_gp_reports.TestTeamMemberReports" name="test_get_team_member_report" time="0.337" /></testsuite></testsuites>