<?xml version="1.0" encoding="utf-8"?><testsuites name="pytest tests"><testsuite name="pytest" errors="0" failures="20" skipped="0" tests="30" time="14.709" timestamp="2026-02-16T19:55:11.049723+00:00" hostname="agent-env-df4f8c33-034e-445a-ae7f-9e2f1cbc31ea"><testcase classname="backend.tests.test_oll_iteration40.TestHealthCheck" name="test_health_endpoint" time="0.196" /><testcase classname="backend.tests.test_oll_iteration40.TestAdminAuth" name="test_admin_login_success" time="0.436"><failure message="AssertionError: assert 'token' in {'access_token': 'eyJhbGciOiJIUzI1NiIsInR5cCI6IkpXVCJ9.eyJzdWIiOiJhZG1pbkBvbGwuY28iLCJyb2xlIjoiYWRtaW4iLCJleHAiOjE3NzEzNTgxMTF9.sdiW-vbkcT3GlwjamcCRlB1IV_jTPYKxjplvETxjjhQ', 'token_type': 'bearer', 'user': {'created_at': '2026-02-16T19:55:11.709202Z', 'email': 'admin@oll.co', 'id': '9524e696-377d-44af-ad98-8d5cf0ac6c5e', 'is_active': True, ...}}">backend/tests/test_oll_iteration40.py:44: in test_admin_login_success
    assert "token" in data
E   AssertionError: assert 'token' in {'access_token': 'eyJhbGciOiJIUzI1NiIsInR5cCI6IkpXVCJ9.eyJzdWIiOiJhZG1pbkBvbGwuY28iLCJyb2xlIjoiYWRtaW4iLCJleHAiOjE3NzEzNTgxMTF9.sdiW-vbkcT3GlwjamcCRlB1IV_jTPYKxjplvETxjjhQ', 'token_type': 'bearer', 'user': {'created_at': '2026-02-16T19:55:11.709202Z', 'email': 'admin@oll.co', 'id': '9524e696-377d-44af-ad98-8d5cf0ac6c5e', 'is_active': True, ...}}</failure></testcase><testcase classname="backend.tests.test_oll_iteration40.TestAdminAuth" name="test_admin_login_invalid" time="0.253" /><testcase classname="backend.tests.test_oll_iteration40.TestStudentAuth" name="test_student_send_otp" time="1.207" /><testcase classname="backend.tests.test_oll_iteration40.TestStudentAuth" name="test_student_verify_otp" time="0.202"><failure message="AssertionError: assert 'token' in {'bookings': [{'added_by': '', 'age_group': '15-18', 'assigned_educator_id': 'b79a34e0-6adc-4dab-be3d-35ad74be2b33', 'assigned_educator_name': 'Vusha Bihani', ...}, {'added_by': '', 'age_group': '', 'assigned_educator_id': 'a0c8633f-1c51-4502-ad2f-9e0880d76d65', 'assigned_educator_name': 'Krish Jain', ...}, {'added_by': '', 'age_group': '6-9', 'assigned_educator_id': 'a0c8633f-1c51-4502-ad2f-9e0880d76d65', 'assigned_educator_name': 'Krish Jain', ...}, {'added_by': '', 'age_group': '6-9', 'assigned_educator_id': '7a0c86fa-436e-496d-850b-d4a1b020c632', 'assigned_educator_name': 'Vibhushan Shreyaan', ...}, {'added_by': '', 'age_group': '6-9', 'assigned_to': '', 'city': 'Mumbai', ...}, {'added_by': '', 'age_group': '10-14', 'assigned_to': '', 'city': '', ...}, ...], 'email': 'clonefutura@gmail.com', 'is_registered': True, 'name': 'Shreshth', ...}">backend/tests/test_oll_iteration40.py:79: in test_student_verify_otp
    assert "token" in data
E   AssertionError: assert 'token' in {'bookings': [{'added_by': '', 'age_group': '15-18', 'assigned_educator_id': 'b79a34e0-6adc-4dab-be3d-35ad74be2b33', 'assigned_educator_name': 'Vusha Bihani', ...}, {'added_by': '', 'age_group': '', 'assigned_educator_id': 'a0c8633f-1c51-4502-ad2f-9e0880d76d65', 'assigned_educator_name': 'Krish Jain', ...}, {'added_by': '', 'age_group': '6-9', 'assigned_educator_id': 'a0c8633f-1c51-4502-ad2f-9e0880d76d65', 'assigned_educator_name': 'Krish Jain', ...}, {'added_by': '', 'age_group': '6-9', 'assigned_educator_id': '7a0c86fa-436e-496d-850b-d4a1b020c632', 'assigned_educator_name': 'Vibhushan Shreyaan', ...}, {'added_by': '', 'age_group': '6-9', 'assigned_to': '', 'city': 'Mumbai', ...}, {'added_by': '', 'age_group': '10-14', 'assigned_to': '', 'city': '', ...}, ...], 'email': 'clonefutura@gmail.com', 'is_registered': True, 'name': 'Shreshth', ...}</failure></testcase><testcase classname="backend.tests.test_oll_iteration40.TestAdminPages" name="test_schools_inquiries" time="0.539"><failure message="assert 401 == 200&#10; +  where 401 = &lt;Response [401]&gt;.status_code">backend/tests/test_oll_iteration40.py:103: in test_schools_inquiries
    assert response.status_code == 200
E   assert 401 == 200
E    +  where 401 = &lt;Response [401]&gt;.status_code</failure></testcase><testcase classname="backend.tests.test_oll_iteration40.TestAdminPages" name="test_students_inquiries" time="0.555"><failure message="assert 401 == 200&#10; +  where 401 = &lt;Response [401]&gt;.status_code">backend/tests/test_oll_iteration40.py:111: in test_students_inquiries
    assert response.status_code == 200
E   assert 401 == 200
E    +  where 401 = &lt;Response [401]&gt;.status_code</failure></testcase><testcase classname="backend.tests.test_oll_iteration40.TestAdminPages" name="test_admin_reports_overview" time="0.521"><failure message="assert 401 == 200&#10; +  where 401 = &lt;Response [401]&gt;.status_code">backend/tests/test_oll_iteration40.py:119: in test_admin_reports_overview
    assert response.status_code == 200
E   assert 401 == 200
E    +  where 401 = &lt;Response [401]&gt;.status_code</failure></testcase><testcase classname="backend.tests.test_oll_iteration40.TestAdminPages" name="test_support_queries" time="0.596"><failure message="assert 404 == 200&#10; +  where 404 = &lt;Response [404]&gt;.status_code">backend/tests/test_oll_iteration40.py:125: in test_support_queries
    assert response.status_code == 200
E   assert 404 == 200
E    +  where 404 = &lt;Response [404]&gt;.status_code</failure></testcase><testcase classname="backend.tests.test_oll_iteration40.TestAdminPages" name="test_expenses_endpoint" time="0.471"><failure message="assert 401 == 200&#10; +  where 401 = &lt;Response [401]&gt;.status_code">backend/tests/test_oll_iteration40.py:131: in test_expenses_endpoint
    assert response.status_code == 200
E   assert 401 == 200
E    +  where 401 = &lt;Response [401]&gt;.status_code</failure></testcase><testcase classname="backend.tests.test_oll_iteration40.TestAdminPages" name="test_educators_endpoint" time="0.610"><failure message="assert 404 == 200&#10; +  where 404 = &lt;Response [404]&gt;.status_code">backend/tests/test_oll_iteration40.py:137: in test_educators_endpoint
    assert response.status_code == 200
E   assert 404 == 200
E    +  where 404 = &lt;Response [404]&gt;.status_code</failure></testcase><testcase classname="backend.tests.test_oll_iteration40.TestAdminPages" name="test_growth_partners_endpoint" time="0.524"><failure message="assert 405 == 200&#10; +  where 405 = &lt;Response [405]&gt;.status_code">backend/tests/test_oll_iteration40.py:143: in test_growth_partners_endpoint
    assert response.status_code == 200
E   assert 405 == 200
E    +  where 405 = &lt;Response [405]&gt;.status_code</failure></testcase><testcase classname="backend.tests.test_oll_iteration40.TestAdminPages" name="test_blogs_endpoint" time="0.538" /><testcase classname="backend.tests.test_oll_iteration40.TestAdminPages" name="test_orders_school_payments" time="0.617"><failure message="assert 401 == 200&#10; +  where 401 = &lt;Response [401]&gt;.status_code">backend/tests/test_oll_iteration40.py:155: in test_orders_school_payments
    assert response.status_code == 200
E   assert 401 == 200
E    +  where 401 = &lt;Response [401]&gt;.status_code</failure></testcase><testcase classname="backend.tests.test_oll_iteration40.TestAdminPages" name="test_orders_student_payments" time="0.492"><failure message="assert 401 == 200&#10; +  where 401 = &lt;Response [401]&gt;.status_code">backend/tests/test_oll_iteration40.py:161: in test_orders_student_payments
    assert response.status_code == 200
E   assert 401 == 200
E    +  where 401 = &lt;Response [401]&gt;.status_code</failure></testcase><testcase classname="backend.tests.test_oll_iteration40.TestStudentPayments" name="test_payments_by_phone" time="0.132" /><testcase classname="backend.tests.test_oll_iteration40.TestStudentPayments" name="test_payment_create_session" time="0.684" /><testcase classname="backend.tests.test_oll_iteration40.TestSchoolTracking" name="test_school_tracking_page" time="0.560"><failure message="AttributeError: 'NoneType' object has no attribute 'get'">backend/tests/test_oll_iteration40.py:206: in test_school_tracking_page
    po_tracking = step.get("po_info", {}).get("public_tracking_url", "")
                  ^^^^^^^^^^^^^^^^^^^^^^^^^^^
E   AttributeError: 'NoneType' object has no attribute 'get'</failure></testcase><testcase classname="backend.tests.test_oll_iteration40.TestSchoolTracking" name="test_public_school_payment" time="0.166" /><testcase classname="backend.tests.test_oll_iteration40.TestSchoolTracking" name="test_public_payment_tracker" time="0.120" /><testcase classname="backend.tests.test_oll_iteration40.TestPublicPages" name="test_landing_page_offerings" time="0.120" /><testcase classname="backend.tests.test_oll_iteration40.TestPublicPages" name="test_public_blogs" time="0.157" /><testcase classname="backend.tests.test_oll_iteration40.TestReportsAPI" name="test_sales_funnel_students" time="0.736"><failure message="assert 401 == 200&#10; +  where 401 = &lt;Response [401]&gt;.status_code">backend/tests/test_oll_iteration40.py:268: in test_sales_funnel_students
    assert response.status_code == 200
E   assert 401 == 200
E    +  where 401 = &lt;Response [401]&gt;.status_code</failure></testcase><testcase classname="backend.tests.test_oll_iteration40.TestReportsAPI" name="test_sales_funnel_schools" time="0.615"><failure message="assert 401 == 200&#10; +  where 401 = &lt;Response [401]&gt;.status_code">backend/tests/test_oll_iteration40.py:276: in test_sales_funnel_schools
    assert response.status_code == 200
E   assert 401 == 200
E    +  where 401 = &lt;Response [401]&gt;.status_code</failure></testcase><testcase classname="backend.tests.test_oll_iteration40.TestReportsAPI" name="test_educator_metrics" time="0.574"><failure message="assert 401 == 200&#10; +  where 401 = &lt;Response [401]&gt;.status_code">backend/tests/test_oll_iteration40.py:282: in test_educator_metrics
    assert response.status_code == 200
E   assert 401 == 200
E    +  where 401 = &lt;Response [401]&gt;.status_code</failure></testcase><testcase classname="backend.tests.test_oll_iteration40.TestReportsAPI" name="test_support_metrics" time="0.594"><failure message="assert 401 == 200&#10; +  where 401 = &lt;Response [401]&gt;.status_code">backend/tests/test_oll_iteration40.py:288: in test_support_metrics
    assert response.status_code == 200
E   assert 401 == 200
E    +  where 401 = &lt;Response [401]&gt;.status_code</failure></testcase><testcase classname="backend.tests.test_oll_iteration40.TestReportsAPI" name="test_user_stages" time="0.641"><failure message="assert 401 == 200&#10; +  where 401 = &lt;Response [401]&gt;.status_code">backend/tests/test_oll_iteration40.py:294: in test_user_stages
    assert response.status_code == 200
E   assert 401 == 200
E    +  where 401 = &lt;Response [401]&gt;.status_code</failure></testcase><testcase classname="backend.tests.test_oll_iteration40.TestReportsAPI" name="test_expense_categories" time="0.577"><failure message="assert 401 == 200&#10; +  where 401 = &lt;Response [401]&gt;.status_code">backend/tests/test_oll_iteration40.py:300: in test_expense_categories
    assert response.status_code == 200
E   assert 401 == 200
E    +  where 401 = &lt;Response [401]&gt;.status_code</failure></testcase><testcase classname="backend.tests.test_oll_iteration40.TestSupportCenterAPI" name="test_support_queries_list" time="0.565"><failure message="assert 404 == 200&#10; +  where 404 = &lt;Response [404]&gt;.status_code">backend/tests/test_oll_iteration40.py:325: in test_support_queries_list
    assert response.status_code == 200
E   assert 404 == 200
E    +  where 404 = &lt;Response [404]&gt;.status_code</failure></testcase><testcase classname="backend.tests.test_oll_iteration40.TestSupportCenterAPI" name="test_team_users" time="0.531"><failure message="assert 401 == 200&#10; +  where 401 = &lt;Response [401]&gt;.status_code">backend/tests/test_oll_iteration40.py:333: in test_team_users
    assert response.status_code == 200
E   assert 401 == 200
E    +  where 401 = &lt;Response [401]&gt;.status_code</failure></testcase></testsuite></testsuites>