<?xml version="1.0" encoding="utf-8"?><testsuites name="pytest tests"><testsuite name="pytest" errors="0" failures="0" skipped="0" tests="7" time="2.416" timestamp="2026-02-07T04:25:24.791260+00:00" hostname="agent-env-10a0eafe-d58a-4eb1-badf-6ac06bc5cd8b"><testcase classname="backend.tests.test_orders_gp_features.TestAdminOrdersAPI" name="test_get_school_payments" time="0.348" /><testcase classname="backend.tests.test_orders_gp_features.TestAdminOrdersAPI" name="test_get_student_payments" time="0.303" /><testcase classname="backend.tests.test_orders_gp_features.TestGPRoleAssignment" name="test_gp_manager_role_exists" time="0.343" /><testcase classname="backend.tests.test_orders_gp_features.TestGPRoleAssignment" name="test_create_and_activate_gp_assigns_gp_manager_role" time="0.424" /><testcase classname="backend.tests.test_orders_gp_features.TestGPOnboarding" name="test_get_gp_onboarding_list" time="0.298" /><testcase classname="backend.tests.test_orders_gp_features.TestGPOnboarding" name="test_get_gp_onboarding_by_token" time="0.336" /><testcase classname="backend.tests.test_orders_gp_features.TestGPOnboarding" name="test_gp_onboarding_training_progress_structure" time="0.301" /></testsuite></testsuites>