<?xml version="1.0" encoding="utf-8"?><testsuites name="pytest tests"><testsuite name="pytest" errors="0" failures="0" skipped="0" tests="11" time="2.385" timestamp="2026-01-21T14:30:21.307414+00:00" hostname="agent-env-5d4a8089-dfcc-4c3f-bc2d-9c20629833ca"><testcase classname="tests.test_educator_onboarding.TestOnboardingContentAPI" name="test_get_onboarding_content" time="0.057" /><testcase classname="tests.test_educator_onboarding.TestEducatorOnboardingProgress" name="test_get_onboarding_progress" time="0.332" /><testcase classname="tests.test_educator_onboarding.TestEducatorOnboardingProgress" name="test_update_onboarding_progress" time="0.377" /><testcase classname="tests.test_educator_onboarding.TestQuizAndAssessment" name="test_get_quiz_questions" time="0.114" /><testcase classname="tests.test_educator_onboarding.TestQuizAndAssessment" name="test_get_assessment_questions" time="0.071" /><testcase classname="tests.test_educator_onboarding.TestQuizAndAssessment" name="test_submit_quiz_pass" time="0.070" /><testcase classname="tests.test_educator_onboarding.TestQuizAndAssessment" name="test_submit_quiz_fail" time="0.069" /><testcase classname="tests.test_educator_onboarding.TestQuizAndAssessment" name="test_submit_assessment_pass" time="0.077" /><testcase classname="tests.test_educator_onboarding.TestAdminOnboardingAPIs" name="test_direct_onboard_educator" time="0.762" /><testcase classname="tests.test_educator_onboarding.TestAdminOnboardingAPIs" name="test_get_onboarding_progress_admin" time="0.297" /><testcase classname="tests.test_educator_onboarding.TestCompleteStepAPI" name="test_complete_step_advances_progress" time="0.105" /></testsuite></testsuites>