<?xml version="1.0" encoding="utf-8"?><testsuites name="pytest tests"><testsuite name="pytest" errors="0" failures="0" skipped="0" tests="10" time="4.578" timestamp="2026-03-23T14:07:40.076377+00:00" hostname="agent-env-f8d3137f-6aa9-4f02-a8be-9a5e4c2c68a3"><testcase classname="backend.tests.test_iter54_support_school_picker_b2b_reports.TestAuthAndHealth" name="test_health_check" time="0.171" /><testcase classname="backend.tests.test_iter54_support_school_picker_b2b_reports.TestAuthAndHealth" name="test_admin_login" time="0.362" /><testcase classname="backend.tests.test_iter54_support_school_picker_b2b_reports.TestB2BInsightsEndpoint" name="test_b2b_insights_returns_new_vs_renewal" time="0.472" /><testcase classname="backend.tests.test_iter54_support_school_picker_b2b_reports.TestB2BInsightsEndpoint" name="test_b2b_insights_returns_customer_cities" time="0.492" /><testcase classname="backend.tests.test_iter54_support_school_picker_b2b_reports.TestB2BInsightsEndpoint" name="test_b2b_insights_with_year_filter" time="0.460" /><testcase classname="backend.tests.test_iter54_support_school_picker_b2b_reports.TestB2BInsightsEndpoint" name="test_b2b_insights_all_fields" time="0.482" /><testcase classname="backend.tests.test_iter54_support_school_picker_b2b_reports.TestSchoolSearchForTickets" name="test_schools_inquiries_endpoint" time="0.463" /><testcase classname="backend.tests.test_iter54_support_school_picker_b2b_reports.TestSchoolSearchForTickets" name="test_school_has_contact_info" time="0.522" /><testcase classname="backend.tests.test_iter54_support_school_picker_b2b_reports.TestSupportQueryCreation" name="test_create_ticket_with_school_info" time="0.568" /><testcase classname="backend.tests.test_iter54_support_school_picker_b2b_reports.TestSupportQueriesEndpoint" name="test_get_support_queries" time="0.529" /></testsuite></testsuites>