<?xml version="1.0" encoding="utf-8"?><testsuites name="pytest tests"><testsuite name="pytest" errors="0" failures="0" skipped="0" tests="7" time="2.363" timestamp="2026-02-02T12:51:40.725040+00:00" hostname="agent-env-1c5697e2-0052-49c6-b714-154ae9377c08"><testcase classname="backend.tests.test_renewal_onboarding.TestRenewalOnboarding" name="test_track_endpoint_returns_is_renewal_true" time="0.402" /><testcase classname="backend.tests.test_renewal_onboarding.TestRenewalOnboarding" name="test_renewed_schools_have_onboarding_workflow" time="0.310" /><testcase classname="backend.tests.test_renewal_onboarding.TestRenewalOnboarding" name="test_init_onboarding_with_renewal_flag" time="0.310" /><testcase classname="backend.tests.test_renewal_onboarding.TestRenewalOnboarding" name="test_track_endpoint_shows_renewal_specific_data" time="0.299" /><testcase classname="backend.tests.test_renewal_onboarding.TestRenewalOnboarding" name="test_onboarding_step_update_endpoint" time="0.339" /><testcase classname="backend.tests.test_renewal_onboarding.TestRenewalOnboarding" name="test_converted_vs_renewed_distinction" time="0.343" /><testcase classname="backend.tests.test_renewal_onboarding.TestAutoStatusChange" name="test_status_change_logic_exists" time="0.298" /></testsuite></testsuites>