<?xml version="1.0" encoding="utf-8"?><testsuites name="pytest tests"><testsuite name="pytest" errors="0" failures="0" skipped="0" tests="18" time="7.793" timestamp="2026-01-23T09:36:22.998180+00:00" hostname="agent-env-6d61d62b-2d12-49b1-b05c-6612f4b356c4"><testcase classname="tests.test_data_center_crm.TestAdminAuth" name="test_admin_login" time="0.277" /><testcase classname="tests.test_data_center_crm.TestFileUpload" name="test_upload_endpoint_exists" time="0.311" /><testcase classname="tests.test_data_center_crm.TestDataCenter" name="test_data_center_search" time="0.329" /><testcase classname="tests.test_data_center_crm.TestDataCenter" name="test_data_center_filter_by_type" time="0.315" /><testcase classname="tests.test_data_center_crm.TestDataCenter" name="test_data_center_filter_by_status" time="0.321" /><testcase classname="tests.test_data_center_crm.TestDataCenter" name="test_data_center_stats" time="0.332" /><testcase classname="tests.test_data_center_crm.TestStudentCRM" name="test_get_student_inquiries" time="0.324" /><testcase classname="tests.test_data_center_crm.TestStudentCRM" name="test_create_student_inquiry" time="0.293" /><testcase classname="tests.test_data_center_crm.TestStudentCRM" name="test_update_student_status_to_demo_completed" time="0.426" /><testcase classname="tests.test_data_center_crm.TestStudentCRM" name="test_update_student_status_to_converted" time="0.365" /><testcase classname="tests.test_data_center_crm.TestSchoolCRM" name="test_get_school_inquiries" time="0.312" /><testcase classname="tests.test_data_center_crm.TestSchoolCRM" name="test_create_school_inquiry" time="0.336" /><testcase classname="tests.test_data_center_crm.TestSchoolCRM" name="test_update_school_status_to_meeting_done" time="0.375" /><testcase classname="tests.test_data_center_crm.TestSchoolCRM" name="test_update_school_status_to_converted" time="0.445" /><testcase classname="tests.test_data_center_crm.TestSchoolCRM" name="test_update_school_status_to_active" time="0.434" /><testcase classname="tests.test_data_center_crm.TestSchoolCRM" name="test_update_school_status_to_renewed" time="0.361" /><testcase classname="tests.test_data_center_crm.TestSchoolCRM" name="test_update_school_status_to_lost" time="0.370" /><testcase classname="tests.test_data_center_crm.TestCleanup" name="test_cleanup_test_data" time="1.810" /></testsuite></testsuites>