<?xml version="1.0" encoding="utf-8"?><testsuites name="pytest tests"><testsuite name="pytest" errors="0" failures="0" skipped="0" tests="14" time="3.058" timestamp="2026-01-15T04:47:25.875373+00:00" hostname="agent-env-bcac21df-5a61-4157-94c4-115388965e39"><testcase classname="tests.test_session_and_features.TestHealthCheck" name="test_api_health" time="0.055" /><testcase classname="tests.test_session_and_features.TestStudentOTPLogin" name="test_send_otp_student" time="1.058" /><testcase classname="tests.test_session_and_features.TestStudentOTPLogin" name="test_verify_otp_student" time="0.039" /><testcase classname="tests.test_session_and_features.TestStudentOTPLogin" name="test_get_student_bookings" time="0.038" /><testcase classname="tests.test_session_and_features.TestEducatorOTPLogin" name="test_send_otp_educator" time="1.020" /><testcase classname="tests.test_session_and_features.TestEducatorOTPLogin" name="test_educator_login" time="0.036" /><testcase classname="tests.test_session_and_features.TestEducatorAvailabilityToggle" name="test_toggle_availability_to_unavailable" time="0.074" /><testcase classname="tests.test_session_and_features.TestEducatorAvailabilityToggle" name="test_toggle_availability_to_available" time="0.075" /><testcase classname="tests.test_session_and_features.TestEducatorAvailabilityToggle" name="test_get_educator_application_shows_availability" time="0.074" /><testcase classname="tests.test_session_and_features.TestIncompleteDemoEndpoint" name="test_incomplete_demo_endpoint_exists" time="0.077" /><testcase classname="tests.test_session_and_features.TestIncompleteDemoEndpoint" name="test_incomplete_demo_with_assigned_demo" time="0.338" /><testcase classname="tests.test_session_and_features.TestCentersEndpoint" name="test_get_centers" time="0.039" /><testcase classname="tests.test_session_and_features.TestCentersEndpoint" name="test_get_cities" time="0.042" /><testcase classname="tests.test_session_and_features.TestGrowthPartnerEndpoint" name="test_create_growth_partner" time="0.039" /></testsuite></testsuites>