<?xml version="1.0" encoding="utf-8"?><testsuites name="pytest tests"><testsuite name="pytest" errors="0" failures="0" skipped="0" tests="20" time="2.723" timestamp="2026-03-22T06:15:58.956798+00:00" hostname="agent-env-a59a4f23-a56c-4fb6-9cb1-9ff168cb244c"><testcase classname="backend.tests.test_iter49_route_extraction_batch2.TestCoreRoutes" name="test_health_check_returns_200" time="0.225" /><testcase classname="backend.tests.test_iter49_route_extraction_batch2.TestCoreRoutes" name="test_auth_login_returns_access_token" time="0.336" /><testcase classname="backend.tests.test_iter49_route_extraction_batch2.TestBatch1Regression" name="test_admin_reports_overview_returns_200" time="0.435" /><testcase classname="backend.tests.test_iter49_route_extraction_batch2.TestBatch1Regression" name="test_school_expenses_categories_returns_12_items" time="0.104" /><testcase classname="backend.tests.test_iter49_route_extraction_batch2.TestPaymentsRoutes" name="test_get_student_payment_nonexistent_id_returns_404" time="0.102" /><testcase classname="backend.tests.test_iter49_route_extraction_batch2.TestPaymentsRoutes" name="test_get_school_payment_tracker_returns_200" time="0.105" /><testcase classname="backend.tests.test_iter49_route_extraction_batch2.TestPaymentsRoutes" name="test_get_school_payment_nonexistent_id_returns_404" time="0.124" /><testcase classname="backend.tests.test_iter49_route_extraction_batch2.TestPaymentsRoutes" name="test_payments_scheduler_status_returns_500_due_to_missing_scheduler" time="0.200" /><testcase classname="backend.tests.test_iter49_route_extraction_batch2.TestPaymentsRoutes" name="test_payments_status_report_returns_200" time="0.104" /><testcase classname="backend.tests.test_iter49_route_extraction_batch2.TestPaymentsRoutes" name="test_school_payment_tracker_public_nonexistent_returns_404" time="0.105" /><testcase classname="backend.tests.test_iter49_route_extraction_batch2.TestPaymentsRoutes" name="test_payments_order_nonexistent_returns_404" time="0.103" /><testcase classname="backend.tests.test_iter49_route_extraction_batch2.TestGPOnboardingRoutes" name="test_get_gp_onboardings_returns_200" time="0.105" /><testcase classname="backend.tests.test_iter49_route_extraction_batch2.TestGPOnboardingRoutes" name="test_get_gp_onboarding_nonexistent_id_returns_404" time="0.166" /><testcase classname="backend.tests.test_iter49_route_extraction_batch2.TestGPOnboardingRoutes" name="test_gp_onboarding_track_nonexistent_token_returns_404" time="0.100" /><testcase classname="backend.tests.test_iter49_route_extraction_batch2.TestGPOnboardingRoutes" name="test_gp_onboard_token_nonexistent_returns_404" time="0.106" /><testcase classname="backend.tests.test_iter49_route_extraction_batch2.TestGPOnboardingRoutes" name="test_gp_onboarding_status_filter" time="0.097" /><testcase classname="backend.tests.test_iter49_route_extraction_batch2.TestRouteRegistration" name="test_openapi_schema_loads" time="0.116" /><testcase classname="backend.tests.test_iter49_route_extraction_batch2.TestRouteRegistration" name="test_payments_routes_registered_in_openapi" time="0.007" /><testcase classname="backend.tests.test_iter49_route_extraction_batch2.TestRouteRegistration" name="test_gp_onboarding_routes_registered_in_openapi" time="0.006" /><testcase classname="backend.tests.test_iter49_route_extraction_batch2.TestRouteRegistration" name="test_total_route_count_approx_315" time="0.006" /></testsuite></testsuites>