<?xml version="1.0" encoding="utf-8"?><testsuites name="pytest tests"><testsuite name="pytest" errors="0" failures="1" skipped="0" tests="10" time="5.472" timestamp="2026-02-15T10:24:27.513677+00:00" hostname="agent-env-df4f8c33-034e-445a-ae7f-9e2f1cbc31ea"><testcase classname="backend.tests.test_individual_student_payments.TestHealthAndConfig" name="test_health_check" time="0.161" /><testcase classname="backend.tests.test_individual_student_payments.TestPaymentByPhoneEndpoint" name="test_get_payment_info_for_test_student" time="0.112" /><testcase classname="backend.tests.test_individual_student_payments.TestPaymentByPhoneEndpoint" name="test_payment_info_returns_all_required_fields" time="0.130" /><testcase classname="backend.tests.test_individual_student_payments.TestPaymentByPhoneEndpoint" name="test_nonexistent_phone_returns_no_pending_payment" time="0.155" /><testcase classname="backend.tests.test_individual_student_payments.TestCreateSessionEndpoint" name="test_create_payment_session_success" time="0.534" /><testcase classname="backend.tests.test_individual_student_payments.TestCreateSessionEndpoint" name="test_create_session_for_nonexistent_student" time="0.102" /><testcase classname="backend.tests.test_individual_student_payments.TestVerifyPaymentEndpoint" name="test_verify_existing_order" time="0.399"><failure message="assert 520 == 200&#10; +  where 520 = &lt;Response [520]&gt;.status_code">backend/tests/test_individual_student_payments.py:144: in test_verify_existing_order
    assert create_response.status_code == 200
E   assert 520 == 200
E    +  where 520 = &lt;Response [520]&gt;.status_code</failure></testcase><testcase classname="backend.tests.test_individual_student_payments.TestVerifyPaymentEndpoint" name="test_verify_previously_created_order" time="0.589" /><testcase classname="backend.tests.test_individual_student_payments.TestVerifyPaymentEndpoint" name="test_verify_nonexistent_order" time="0.102" /><testcase classname="backend.tests.test_individual_student_payments.TestEndToEndPaymentFlow" name="test_complete_payment_flow" time="3.093" /></testsuite></testsuites>