<?xml version="1.0" encoding="utf-8"?><testsuites name="pytest tests"><testsuite name="pytest" errors="0" failures="0" skipped="0" tests="15" time="53.366" timestamp="2026-03-25T14:34:41.124178+00:00" hostname="agent-env-b475834b-1151-43df-bce5-d4dd05556e7c"><testcase classname="test_reports.test_iter58_ai_chat.TestAIChatSessions" name="test_list_sessions_authenticated" time="0.483" /><testcase classname="test_reports.test_iter58_ai_chat.TestAIChatSessions" name="test_list_sessions_unauthenticated" time="0.116" /><testcase classname="test_reports.test_iter58_ai_chat.TestAIChatSessions" name="test_sessions_response_structure" time="0.133" /><testcase classname="test_reports.test_iter58_ai_chat.TestAIChatMessage" name="test_send_message_empty" time="0.128" /><testcase classname="test_reports.test_iter58_ai_chat.TestAIChatMessage" name="test_send_message_unauthenticated" time="0.099" /><testcase classname="test_reports.test_iter58_ai_chat.TestAIChatMessage" name="test_send_simple_message" time="4.853" /><testcase classname="test_reports.test_iter58_ai_chat.TestAIChatMessage" name="test_send_message_creates_session" time="41.450" /><testcase classname="test_reports.test_iter58_ai_chat.TestAIChatMessage" name="test_add_note_action" time="2.347" /><testcase classname="test_reports.test_iter58_ai_chat.TestAIChatHistory" name="test_get_history_valid_session" time="0.242" /><testcase classname="test_reports.test_iter58_ai_chat.TestAIChatHistory" name="test_get_history_nonexistent_session" time="0.112" /><testcase classname="test_reports.test_iter58_ai_chat.TestAIChatHistory" name="test_get_history_unauthenticated" time="0.110" /><testcase classname="test_reports.test_iter58_ai_chat.TestAIChatHistory" name="test_history_message_structure" time="0.296" /><testcase classname="test_reports.test_iter58_ai_chat.TestAIChatDelete" name="test_delete_nonexistent_session" time="0.127" /><testcase classname="test_reports.test_iter58_ai_chat.TestAIChatDelete" name="test_delete_session_and_verify" time="2.668" /><testcase classname="test_reports.test_iter58_ai_chat.TestAIChatDelete" name="test_delete_unauthenticated" time="0.122" /></testsuite></testsuites>