<?xml version="1.0" encoding="utf-8"?><testsuites name="pytest tests"><testsuite name="pytest" errors="0" failures="0" skipped="0" tests="20" time="3.365" timestamp="2026-01-12T12:47:56.941131+00:00" hostname="agent-env-081d23b7-1501-4e8c-9f24-b5442fe07c0e"><testcase classname="tests.test_support_and_crm.TestHealthCheck" name="test_health_endpoint" time="0.075" /><testcase classname="tests.test_support_and_crm.TestSupportQueryP0BugFix" name="test_create_support_query_from_student_funnel" time="0.297" /><testcase classname="tests.test_support_and_crm.TestSupportQueryP0BugFix" name="test_get_support_queries_endpoint_exists" time="0.035" /><testcase classname="tests.test_support_and_crm.TestSupportQueryP0BugFix" name="test_support_query_appears_in_admin_panel" time="0.075" /><testcase classname="tests.test_support_and_crm.TestSupportCenterThreeSources" name="test_inquiry_queries_endpoint" time="0.287" /><testcase classname="tests.test_support_and_crm.TestSupportCenterThreeSources" name="test_support_queries_endpoint" time="0.039" /><testcase classname="tests.test_support_and_crm.TestSupportCenterThreeSources" name="test_support_tickets_endpoint" time="0.076" /><testcase classname="tests.test_support_and_crm.TestSupportCenterThreeSources" name="test_update_support_query_status" time="0.068" /><testcase classname="tests.test_support_and_crm.TestStudentCRMAssignLead" name="test_get_team_users" time="0.296" /><testcase classname="tests.test_support_and_crm.TestStudentCRMAssignLead" name="test_create_student_inquiry_for_assignment" time="0.035" /><testcase classname="tests.test_support_and_crm.TestStudentCRMAssignLead" name="test_assign_student_lead" time="0.113" /><testcase classname="tests.test_support_and_crm.TestStudentCRMAssignLead" name="test_unassign_student_lead" time="0.146" /><testcase classname="tests.test_support_and_crm.TestSchoolCRMAssignLead" name="test_create_school_inquiry_for_assignment" time="0.293" /><testcase classname="tests.test_support_and_crm.TestSchoolCRMAssignLead" name="test_assign_school_lead" time="0.103" /><testcase classname="tests.test_support_and_crm.TestSchoolCRMCommentNote" name="test_add_comment_to_school_inquiry" time="0.327" /><testcase classname="tests.test_support_and_crm.TestSchoolCRMCommentNote" name="test_get_comments_from_school_inquiry" time="0.101" /><testcase classname="tests.test_support_and_crm.TestGrowthPartnersCRMAssignLead" name="test_create_growth_partner_for_assignment" time="0.289" /><testcase classname="tests.test_support_and_crm.TestGrowthPartnersCRMAssignLead" name="test_assign_growth_partner_lead" time="0.103" /><testcase classname="tests.test_support_and_crm.TestGrowthPartnersCRMAssignLead" name="test_add_comment_to_growth_partner" time="0.149" /><testcase classname="tests.test_support_and_crm.TestStudentCRMCommentNote" name="test_add_comment_to_student_inquiry" time="0.318" /></testsuite></testsuites>