<?xml version="1.0" encoding="utf-8"?><testsuites name="pytest tests"><testsuite name="pytest" errors="0" failures="0" skipped="1" tests="9" time="14.405" timestamp="2026-03-25T18:08:32.660748+00:00" hostname="agent-env-6062db43-445d-427d-a38d-51ecf760ea51"><testcase classname="backend.tests.test_iter59_p0_fixes.TestTriggerEndpoints" name="test_daily_digest_trigger_returns_200" time="0.675" /><testcase classname="backend.tests.test_iter59_p0_fixes.TestTriggerEndpoints" name="test_meeting_reminders_trigger_returns_200" time="0.147" /><testcase classname="backend.tests.test_iter59_p0_fixes.TestTriggerEndpoints" name="test_trigger_endpoints_require_auth" time="3.437" /><testcase classname="backend.tests.test_iter59_p0_fixes.TestAIChatScheduleActions" name="test_ai_chat_basic_message" time="4.245" /><testcase classname="backend.tests.test_iter59_p0_fixes.TestAIChatScheduleActions" name="test_schedule_meeting_action" time="2.891" /><testcase classname="backend.tests.test_iter59_p0_fixes.TestAIChatScheduleActions" name="test_schedule_followup_action" time="2.477" /><testcase classname="backend.tests.test_iter59_p0_fixes.TestAIChatScheduleActions" name="test_schedule_meeting_execution_result" time="0.166"><skipped type="pytest.skip" message="Could not fetch schools list">/app/backend/tests/test_iter59_p0_fixes.py:157: Could not fetch schools list</skipped></testcase><testcase classname="backend.tests.test_iter59_p0_fixes.TestAIChatSessions" name="test_get_sessions_returns_200" time="0.172" /><testcase classname="backend.tests.test_iter59_p0_fixes.TestAIChatSessions" name="test_ai_chat_requires_auth" time="0.129" /></testsuite></testsuites>