<?xml version="1.0" encoding="utf-8"?><testsuites name="pytest tests"><testsuite name="pytest" errors="0" failures="0" skipped="0" tests="24" time="3.517" timestamp="2026-01-13T10:33:10.160175+00:00" hostname="agent-env-e5bb9130-1ec7-4d04-8099-e068a2605b56"><testcase classname="tests.test_crm_features.TestAuthAndSetup" name="test_admin_login" time="0.285" /><testcase classname="tests.test_crm_features.TestAuthAndSetup" name="test_admin_me_endpoint" time="0.040" /><testcase classname="tests.test_crm_features.TestDashboardOverdueSection" name="test_dashboard_stats_endpoint" time="0.304" /><testcase classname="tests.test_crm_features.TestDashboardOverdueSection" name="test_overdue_students_structure" time="0.048" /><testcase classname="tests.test_crm_features.TestDashboardOverdueSection" name="test_overdue_schools_structure" time="0.040" /><testcase classname="tests.test_crm_features.TestSchoolCRMViewEdit" name="test_get_school_inquiries" time="0.293" /><testcase classname="tests.test_crm_features.TestSchoolCRMViewEdit" name="test_update_school_inquiry_inline_edit" time="0.089" /><testcase classname="tests.test_crm_features.TestSchoolCRMViewEdit" name="test_add_comment_to_school" time="0.034" /><testcase classname="tests.test_crm_features.TestSchoolCRMViewEdit" name="test_get_school_comments" time="0.041" /><testcase classname="tests.test_crm_features.TestEducatorsCRMViewEdit" name="test_get_educator_applications" time="0.300" /><testcase classname="tests.test_crm_features.TestEducatorsCRMViewEdit" name="test_update_educator_inline_edit" time="0.076" /><testcase classname="tests.test_crm_features.TestEducatorsCRMViewEdit" name="test_add_comment_to_educator" time="0.075" /><testcase classname="tests.test_crm_features.TestGrowthPartnersCRMViewEdit" name="test_get_growth_partners" time="0.303" /><testcase classname="tests.test_crm_features.TestGrowthPartnersCRMViewEdit" name="test_update_partner_inline_edit" time="0.075" /><testcase classname="tests.test_crm_features.TestGrowthPartnersCRMViewEdit" name="test_add_comment_to_partner" time="0.035" /><testcase classname="tests.test_crm_features.TestCenterDashboard" name="test_center_login" time="0.257" /><testcase classname="tests.test_crm_features.TestCenterDashboard" name="test_center_get_demos" time="0.077" /><testcase classname="tests.test_crm_features.TestCenterDashboard" name="test_center_add_demo" time="0.044" /><testcase classname="tests.test_crm_features.TestCenterDashboard" name="test_center_update_demo" time="0.160" /><testcase classname="tests.test_crm_features.TestCenterDashboard" name="test_center_add_comment" time="0.073" /><testcase classname="tests.test_crm_features.TestStudentCRMRegression" name="test_get_student_inquiries" time="0.299" /><testcase classname="tests.test_crm_features.TestStudentCRMRegression" name="test_update_student_inquiry" time="0.068" /><testcase classname="tests.test_crm_features.TestStudentCRMRegression" name="test_add_comment_to_student" time="0.034" /><testcase classname="tests.test_crm_features.TestCleanup" name="test_cleanup_info" time="0.260" /></testsuite></testsuites>