<?xml version="1.0" encoding="utf-8"?><testsuites name="pytest tests"><testsuite name="pytest" errors="0" failures="0" skipped="0" tests="7" time="1.987" timestamp="2026-02-14T11:24:47.511575+00:00" hostname="agent-env-e6839042-077a-47bf-8763-8510d3970465"><testcase classname="backend.tests.test_cashfree_payment_integration.TestPaymentInfoEndpoint" name="test_get_student_payment_info_with_test_student" time="0.182" /><testcase classname="backend.tests.test_cashfree_payment_integration.TestPaymentInfoEndpoint" name="test_get_payment_info_for_nonexistent_student" time="0.053" /><testcase classname="backend.tests.test_cashfree_payment_integration.TestCreatePaymentSessionEndpoint" name="test_create_payment_session_with_test_student" time="0.815" /><testcase classname="backend.tests.test_cashfree_payment_integration.TestCreatePaymentSessionEndpoint" name="test_create_session_for_nonexistent_student" time="0.050" /><testcase classname="backend.tests.test_cashfree_payment_integration.TestPendingPaymentUpdate" name="test_update_student_with_pending_payment" time="0.510" /><testcase classname="backend.tests.test_cashfree_payment_integration.TestApiHealthAndStructure" name="test_api_health" time="0.047" /><testcase classname="backend.tests.test_cashfree_payment_integration.TestApiHealthAndStructure" name="test_admin_login" time="0.272" /></testsuite></testsuites>