<?xml version="1.0" encoding="utf-8"?><testsuites name="pytest tests"><testsuite name="pytest" errors="0" failures="0" skipped="0" tests="14" time="10.946" timestamp="2026-03-23T11:05:00.345758+00:00" hostname="agent-env-f8d3137f-6aa9-4f02-a8be-9a5e4c2c68a3"><testcase classname="backend.tests.test_iter52_renewal_and_payment_sync.TestAuthAndHealth" name="test_health_check" time="0.248" /><testcase classname="backend.tests.test_iter52_renewal_and_payment_sync.TestAuthAndHealth" name="test_admin_login" time="0.328" /><testcase classname="backend.tests.test_iter52_renewal_and_payment_sync.TestSchoolInquiryUpdateModel" name="test_get_school_inquiry" time="0.483" /><testcase classname="backend.tests.test_iter52_renewal_and_payment_sync.TestSchoolInquiryUpdateModel" name="test_update_school_with_location_fields" time="0.246" /><testcase classname="backend.tests.test_iter52_renewal_and_payment_sync.TestRenewalFlow" name="test_get_active_schools" time="0.468" /><testcase classname="backend.tests.test_iter52_renewal_and_payment_sync.TestRenewalFlow" name="test_renewal_save_draft" time="0.244" /><testcase classname="backend.tests.test_iter52_renewal_and_payment_sync.TestRenewalFlow" name="test_renewal_complete_flow" time="0.409" /><testcase classname="backend.tests.test_iter52_renewal_and_payment_sync.TestPaymentSyncEndpoints" name="test_health_before_sync" time="0.117" /><testcase classname="backend.tests.test_iter52_renewal_and_payment_sync.TestPaymentSyncEndpoints" name="test_sync_all_payments" time="3.962" /><testcase classname="backend.tests.test_iter52_renewal_and_payment_sync.TestPaymentSyncEndpoints" name="test_health_after_sync_all" time="1.136" /><testcase classname="backend.tests.test_iter52_renewal_and_payment_sync.TestPaymentSyncEndpoints" name="test_sync_single_payment_invalid_order" time="0.135" /><testcase classname="backend.tests.test_iter52_renewal_and_payment_sync.TestPaymentSyncEndpoints" name="test_health_after_sync_single" time="1.096" /><testcase classname="backend.tests.test_iter52_renewal_and_payment_sync.TestPaymentSyncEndpoints" name="test_multiple_rapid_health_checks" time="1.497" /><testcase classname="backend.tests.test_iter52_renewal_and_payment_sync.TestRenewalModalButtons" name="test_school_inquiry_response_structure" time="0.505" /></testsuite></testsuites>