<?xml version="1.0" encoding="utf-8"?><testsuites name="pytest tests"><testsuite name="pytest" errors="0" failures="0" skipped="0" tests="7" time="1.618" timestamp="2026-01-28T10:14:14.429762+00:00" hostname="agent-env-3c16259d-8a48-4eac-8f78-a1135f835455"><testcase classname="tests.test_student_payments_and_skills.TestStudentPayments" name="test_student_payments_endpoint_returns_200" time="0.408" /><testcase classname="tests.test_student_payments_and_skills.TestStudentPayments" name="test_student_payments_returns_list" time="0.305" /><testcase classname="tests.test_student_payments_and_skills.TestStudentPayments" name="test_student_payments_structure" time="0.341" /><testcase classname="tests.test_student_payments_and_skills.TestEducatorConfig" name="test_educator_config_returns_200" time="0.038" /><testcase classname="tests.test_student_payments_and_skills.TestEducatorConfig" name="test_educator_config_includes_other_skill" time="0.039" /><testcase classname="tests.test_student_payments_and_skills.TestEducatorConfig" name="test_educator_config_structure" time="0.037" /><testcase classname="tests.test_student_payments_and_skills.TestStudentInquiryWithOtherSkill" name="test_create_student_inquiry_with_other_skill" time="0.395" /></testsuite></testsuites>