<?xml version="1.0" encoding="utf-8"?><testsuites name="pytest tests"><testsuite name="pytest" errors="0" failures="1" skipped="0" tests="6" time="2.066" timestamp="2026-02-14T13:19:38.509317+00:00" hostname="agent-env-914f33b4-ea41-44e5-8283-734dc86402e8"><testcase classname="backend.tests.test_school_payment.TestSchoolPaymentAPI" name="test_get_school_payment_info_success" time="0.211" /><testcase classname="backend.tests.test_school_payment.TestSchoolPaymentAPI" name="test_get_school_payment_info_invalid_school" time="0.110" /><testcase classname="backend.tests.test_school_payment.TestSchoolPaymentCreateSession" name="test_create_payment_session_missing_fields" time="0.226" /><testcase classname="backend.tests.test_school_payment.TestSchoolPaymentCreateSession" name="test_create_payment_session_invalid_school" time="0.105" /><testcase classname="backend.tests.test_school_payment.TestSchoolPaymentCreateSession" name="test_create_payment_session_valid_data" time="1.107" /><testcase classname="backend.tests.test_school_payment.TestFormValidation" name="test_phone_validation" time="0.207"><failure message="requests.exceptions.JSONDecodeError: Expecting value: line 1 column 1 (char 0)">/root/.venv/lib/python3.11/site-packages/requests/models.py:976: in json
    return complexjson.loads(self.text, **kwargs)
           ^^^^^^^^^^^^^^^^^^^^^^^^^^^^^^^^^^^^^^
/usr/local/lib/python3.11/json/__init__.py:346: in loads
    return _default_decoder.decode(s)
           ^^^^^^^^^^^^^^^^^^^^^^^^^^
/usr/local/lib/python3.11/json/decoder.py:337: in decode
    obj, end = self.raw_decode(s, idx=_w(s, 0).end())
               ^^^^^^^^^^^^^^^^^^^^^^^^^^^^^^^^^^^^^^
/usr/local/lib/python3.11/json/decoder.py:355: in raw_decode
    raise JSONDecodeError("Expecting value", s, err.value) from None
E   json.decoder.JSONDecodeError: Expecting value: line 1 column 1 (char 0)

During handling of the above exception, another exception occurred:
backend/tests/test_school_payment.py:169: in test_phone_validation
    print(f"Response: {response.json()}")
                       ^^^^^^^^^^^^^^^
/root/.venv/lib/python3.11/site-packages/requests/models.py:980: in json
    raise RequestsJSONDecodeError(e.msg, e.doc, e.pos)
E   requests.exceptions.JSONDecodeError: Expecting value: line 1 column 1 (char 0)</failure></testcase></testsuite></testsuites>