<?xml version="1.0" encoding="utf-8"?><testsuites name="pytest tests"><testsuite name="pytest" errors="0" failures="0" skipped="0" tests="11" time="3.453" timestamp="2026-02-02T11:59:55.022134+00:00" hostname="agent-env-1c5697e2-0052-49c6-b714-154ae9377c08"><testcase classname="backend.tests.test_orders_gst_revenue.TestOrdersGSTAndRevenue" name="test_01_login_success" time="0.513" /><testcase classname="backend.tests.test_orders_gst_revenue.TestOrdersGSTAndRevenue" name="test_02_get_school_payments_endpoint" time="0.269" /><testcase classname="backend.tests.test_orders_gst_revenue.TestOrdersGSTAndRevenue" name="test_03_get_student_payments_endpoint" time="0.273" /><testcase classname="backend.tests.test_orders_gst_revenue.TestOrdersGSTAndRevenue" name="test_04_update_payment_with_gst_type_book_gst" time="0.290" /><testcase classname="backend.tests.test_orders_gst_revenue.TestOrdersGSTAndRevenue" name="test_05_update_payment_with_gst_type_inclusive" time="0.326" /><testcase classname="backend.tests.test_orders_gst_revenue.TestOrdersGSTAndRevenue" name="test_06_update_payment_with_gst_type_exclusive" time="0.327" /><testcase classname="backend.tests.test_orders_gst_revenue.TestOrdersGSTAndRevenue" name="test_07_dashboard_metrics_endpoint" time="0.269" /><testcase classname="backend.tests.test_orders_gst_revenue.TestOrdersGSTAndRevenue" name="test_08_revenue_includes_converted_schools" time="0.278" /><testcase classname="backend.tests.test_orders_gst_revenue.TestOrdersGSTAndRevenue" name="test_09_gst_type_column_in_payments_response" time="0.268" /><testcase classname="backend.tests.test_orders_gst_revenue.TestOrdersGSTAndRevenue" name="test_10_update_payment_with_all_fields" time="0.282" /><testcase classname="backend.tests.test_orders_gst_revenue.TestSpecificPaymentID" name="test_specific_payment_update" time="0.309" /></testsuite></testsuites>