<?xml version="1.0" encoding="utf-8"?><testsuites name="pytest tests"><testsuite name="pytest" errors="0" failures="0" skipped="0" tests="27" time="3.753" timestamp="2026-02-04T02:54:33.263233+00:00" hostname="agent-env-5cc5b4cd-4535-49cd-bf94-2ea9f2f01ef8"><testcase classname="backend.tests.test_gp_onboarding_reports.TestGPOnboarding" name="test_get_gp_onboardings_list" time="0.398" /><testcase classname="backend.tests.test_gp_onboarding_reports.TestGPOnboarding" name="test_get_gp_onboardings_by_status" time="0.036" /><testcase classname="backend.tests.test_gp_onboarding_reports.TestGPOnboarding" name="test_create_growth_partner_for_onboarding" time="0.042" /><testcase classname="backend.tests.test_gp_onboarding_reports.TestGPOnboarding" name="test_init_gp_onboarding" time="0.098" /><testcase classname="backend.tests.test_gp_onboarding_reports.TestGPOnboarding" name="test_complete_personal_info_step" time="0.115" /><testcase classname="backend.tests.test_gp_onboarding_reports.TestGPOnboarding" name="test_complete_contract_signing_step" time="0.111" /><testcase classname="backend.tests.test_gp_onboarding_reports.TestGPOnboarding" name="test_complete_training_step" time="0.112" /><testcase classname="backend.tests.test_gp_onboarding_reports.TestGPOnboarding" name="test_activate_gp_creates_team_user" time="0.487" /><testcase classname="backend.tests.test_gp_onboarding_reports.TestGPOnboarding" name="test_activate_without_all_steps_fails" time="0.139" /><testcase classname="backend.tests.test_gp_onboarding_reports.TestGPOnboarding" name="test_discontinue_gp" time="0.150" /><testcase classname="backend.tests.test_gp_onboarding_reports.TestGPOnboarding" name="test_discontinue_without_reason_fails" time="0.113" /><testcase classname="backend.tests.test_gp_onboarding_reports.TestGPPublicTracking" name="test_public_tracking_endpoint" time="0.359" /><testcase classname="backend.tests.test_gp_onboarding_reports.TestGPPublicTracking" name="test_invalid_tracking_token" time="0.038" /><testcase classname="backend.tests.test_gp_onboarding_reports.TestReportsOverview" name="test_reports_overview" time="0.297" /><testcase classname="backend.tests.test_gp_onboarding_reports.TestReportsOverview" name="test_reports_with_date_filter" time="0.039" /><testcase classname="backend.tests.test_gp_onboarding_reports.TestReportsOverview" name="test_sales_funnel_students" time="0.036" /><testcase classname="backend.tests.test_gp_onboarding_reports.TestReportsOverview" name="test_sales_funnel_schools" time="0.036" /><testcase classname="backend.tests.test_gp_onboarding_reports.TestReportsOverview" name="test_educator_metrics" time="0.041" /><testcase classname="backend.tests.test_gp_onboarding_reports.TestReportsOverview" name="test_support_metrics" time="0.041" /><testcase classname="backend.tests.test_gp_onboarding_reports.TestReportsOverview" name="test_user_stages" time="0.041" /><testcase classname="backend.tests.test_gp_onboarding_reports.TestExpenseManagement" name="test_get_expense_categories" time="0.308" /><testcase classname="backend.tests.test_gp_onboarding_reports.TestExpenseManagement" name="test_create_expense" time="0.045" /><testcase classname="backend.tests.test_gp_onboarding_reports.TestExpenseManagement" name="test_get_expenses_list" time="0.036" /><testcase classname="backend.tests.test_gp_onboarding_reports.TestExpenseManagement" name="test_get_expenses_with_date_filter" time="0.033" /><testcase classname="backend.tests.test_gp_onboarding_reports.TestExpenseManagement" name="test_update_expense" time="0.071" /><testcase classname="backend.tests.test_gp_onboarding_reports.TestExpenseManagement" name="test_delete_expense" time="0.101" /><testcase classname="backend.tests.test_gp_onboarding_reports.TestGrowthPartnerStatusChange" name="test_status_change_to_converted_triggers_onboarding" time="0.330" /></testsuite></testsuites>