<?xml version="1.0" encoding="utf-8"?><testsuites name="pytest tests"><testsuite name="pytest" errors="0" failures="0" skipped="5" tests="11" time="5.838" timestamp="2026-04-04T04:10:20.375973+00:00" hostname="agent-env-5cd746f7-5e6b-4082-aabc-9a1ca2f5b97a"><testcase classname="backend.tests.test_iter67_gst_type_fixes.TestGSTTypeSavedInOnboarding" name="test_gst_type_exclusive_18_saved_in_onboarding_data" time="0.526"><skipped type="pytest.skip" message="Could not create test school: 500 Internal Server Error">/app/backend/tests/test_iter67_gst_type_fixes.py:68: Could not create test school: 500 Internal Server Error</skipped></testcase><testcase classname="backend.tests.test_iter67_gst_type_fixes.TestGSTTypeSavedInOnboarding" name="test_gst_type_inclusive_18_saved_in_onboarding_data" time="0.443"><skipped type="pytest.skip" message="Could not create test school: 500 Internal Server Error">/app/backend/tests/test_iter67_gst_type_fixes.py:110: Could not create test school: 500 Internal Server Error</skipped></testcase><testcase classname="backend.tests.test_iter67_gst_type_fixes.TestGSTTypeSavedInOnboarding" name="test_gst_type_no_gst_saved_in_onboarding_data" time="0.433"><skipped type="pytest.skip" message="Could not create test school: 500 Internal Server Error">/app/backend/tests/test_iter67_gst_type_fixes.py:144: Could not create test school: 500 Internal Server Error</skipped></testcase><testcase classname="backend.tests.test_iter67_gst_type_fixes.TestGSTTypeFallbackInSchoolPayments" name="test_school_payments_returns_gst_type_field" time="0.431" /><testcase classname="backend.tests.test_iter67_gst_type_fixes.TestGSTTypeFallbackInSchoolPayments" name="test_gst_type_fallback_when_payment_has_no_gst" time="0.421"><skipped type="pytest.skip" message="Could not create test school: 500">/app/backend/tests/test_iter67_gst_type_fixes.py:227: Could not create test school: 500</skipped></testcase><testcase classname="backend.tests.test_iter67_gst_type_fixes.TestGSTTypePreservedInPatch" name="test_gst_type_preserved_when_not_sent_in_patch" time="0.581" /><testcase classname="backend.tests.test_iter67_gst_type_fixes.TestGSTTypePreservedInPatch" name="test_gst_type_can_be_updated_via_patch" time="0.886" /><testcase classname="backend.tests.test_iter67_gst_type_fixes.TestGSTTypePreservedInPatch" name="test_gst_type_fallback_to_onboarding_when_payment_has_no_gst" time="0.450"><skipped type="pytest.skip" message="Could not create test school: 500">/app/backend/tests/test_iter67_gst_type_fixes.py:408: Could not create test school: 500</skipped></testcase><testcase classname="backend.tests.test_iter67_gst_type_fixes.TestAdminLoginAndOrdersEndpoints" name="test_admin_login" time="0.645" /><testcase classname="backend.tests.test_iter67_gst_type_fixes.TestAdminLoginAndOrdersEndpoints" name="test_school_payments_endpoint" time="0.468" /><testcase classname="backend.tests.test_iter67_gst_type_fixes.TestAdminLoginAndOrdersEndpoints" name="test_schools_inquiries_endpoint" time="0.490" /></testsuite></testsuites>