<?xml version="1.0" encoding="utf-8"?><testsuites name="pytest tests"><testsuite name="pytest" errors="0" failures="0" skipped="0" tests="10" time="5.812" timestamp="2026-02-15T10:24:50.122149+00:00" hostname="agent-env-df4f8c33-034e-445a-ae7f-9e2f1cbc31ea"><testcase classname="backend.tests.test_individual_student_payments.TestHealthAndConfig" name="test_health_check" time="0.130" /><testcase classname="backend.tests.test_individual_student_payments.TestPaymentByPhoneEndpoint" name="test_get_payment_info_for_test_student" time="0.105" /><testcase classname="backend.tests.test_individual_student_payments.TestPaymentByPhoneEndpoint" name="test_payment_info_returns_all_required_fields" time="0.104" /><testcase classname="backend.tests.test_individual_student_payments.TestPaymentByPhoneEndpoint" name="test_nonexistent_phone_returns_no_pending_payment" time="0.099" /><testcase classname="backend.tests.test_individual_student_payments.TestCreateSessionEndpoint" name="test_create_payment_session_success" time="0.460" /><testcase classname="backend.tests.test_individual_student_payments.TestCreateSessionEndpoint" name="test_create_session_for_nonexistent_student" time="0.105" /><testcase classname="backend.tests.test_individual_student_payments.TestVerifyPaymentEndpoint" name="test_verify_existing_order" time="0.552" /><testcase classname="backend.tests.test_individual_student_payments.TestVerifyPaymentEndpoint" name="test_verify_previously_created_order" time="1.564" /><testcase classname="backend.tests.test_individual_student_payments.TestVerifyPaymentEndpoint" name="test_verify_nonexistent_order" time="0.098" /><testcase classname="backend.tests.test_individual_student_payments.TestEndToEndPaymentFlow" name="test_complete_payment_flow" time="2.528" /></testsuite></testsuites>