<?xml version="1.0" encoding="utf-8"?><testsuites name="pytest tests"><testsuite name="pytest" errors="0" failures="0" skipped="1" tests="13" time="3.948" timestamp="2026-01-27T05:31:53.102332+00:00" hostname="agent-env-f8c33ebb-1f4f-423d-a6ac-963f7456682a"><testcase classname="tests.test_school_onboarding.TestAdminAuth" name="test_admin_login_success" time="0.302" /><testcase classname="tests.test_school_onboarding.TestSchoolCRMEndpoints" name="test_get_school_inquiries" time="0.302" /><testcase classname="tests.test_school_onboarding.TestSchoolCRMEndpoints" name="test_get_meeting_done_schools" time="0.305" /><testcase classname="tests.test_school_onboarding.TestSchoolCRMEndpoints" name="test_get_converted_schools" time="0.303" /><testcase classname="tests.test_school_onboarding.TestSchoolCRMEndpoints" name="test_get_active_schools_with_onboarding" time="0.302" /><testcase classname="tests.test_school_onboarding.TestSchoolConversion" name="test_convert_school_endpoint" time="0.308"><skipped type="pytest.skip" message="No meeting_done schools available for testing">/app/tests/test_school_onboarding.py:141: No meeting_done schools available for testing</skipped></testcase><testcase classname="tests.test_school_onboarding.TestOnboardingWorkflow" name="test_init_onboarding_endpoint" time="0.351" /><testcase classname="tests.test_school_onboarding.TestOnboardingWorkflow" name="test_get_school_onboarding" time="0.352" /><testcase classname="tests.test_school_onboarding.TestPublicTrackingPage" name="test_public_tracking_endpoint" time="0.337" /><testcase classname="tests.test_school_onboarding.TestPublicTrackingPage" name="test_invalid_tracking_token" time="0.035" /><testcase classname="tests.test_school_onboarding.TestSupportTickets" name="test_create_support_ticket_from_tracking" time="0.336" /><testcase classname="tests.test_school_onboarding.TestSupportTickets" name="test_get_tracking_tickets_admin" time="0.296" /><testcase classname="tests.test_school_onboarding.TestOnboardingStepUpdate" name="test_update_onboarding_step" time="0.338" /></testsuite></testsuites>