<?xml version="1.0" encoding="utf-8"?><testsuites name="pytest tests"><testsuite name="pytest" errors="0" failures="0" skipped="0" tests="16" time="5.735" timestamp="2026-03-23T11:20:59.717046+00:00" hostname="agent-env-f8d3137f-6aa9-4f02-a8be-9a5e4c2c68a3"><testcase classname="backend.tests.test_iter53_stage_change_and_tickets.TestAuthAndHealth" name="test_health_check" time="0.293" /><testcase classname="backend.tests.test_iter53_stage_change_and_tickets.TestAuthAndHealth" name="test_admin_login" time="0.385" /><testcase classname="backend.tests.test_iter53_stage_change_and_tickets.TestMoveBackFunctionality" name="test_get_schools_by_status" time="0.588" /><testcase classname="backend.tests.test_iter53_stage_change_and_tickets.TestMoveBackFunctionality" name="test_move_meeting_done_to_new" time="0.370" /><testcase classname="backend.tests.test_iter53_stage_change_and_tickets.TestMoveBackFunctionality" name="test_move_converted_to_meeting_done" time="0.403" /><testcase classname="backend.tests.test_iter53_stage_change_and_tickets.TestMoveBackFunctionality" name="test_move_active_to_converted" time="0.440" /><testcase classname="backend.tests.test_iter53_stage_change_and_tickets.TestMoveBackFunctionality" name="test_move_renewal_meeting_to_active" time="0.336" /><testcase classname="backend.tests.test_iter53_stage_change_and_tickets.TestMoveBackFunctionality" name="test_move_renewed_to_active" time="0.392" /><testcase classname="backend.tests.test_iter53_stage_change_and_tickets.TestRaiseTicketFunctionality" name="test_raise_ticket_for_new_lead" time="0.637" /><testcase classname="backend.tests.test_iter53_stage_change_and_tickets.TestRaiseTicketFunctionality" name="test_raise_ticket_for_meeting_done" time="0.273" /><testcase classname="backend.tests.test_iter53_stage_change_and_tickets.TestRaiseTicketFunctionality" name="test_raise_ticket_for_active_school" time="0.234" /><testcase classname="backend.tests.test_iter53_stage_change_and_tickets.TestRaiseTicketFunctionality" name="test_raise_ticket_for_renewed_school" time="0.258" /><testcase classname="backend.tests.test_iter53_stage_change_and_tickets.TestRaiseTicketFunctionality" name="test_raise_ticket_for_lost_school" time="0.275" /><testcase classname="backend.tests.test_iter53_stage_change_and_tickets.TestRaiseTicketFunctionality" name="test_ticket_visible_in_support_center" time="0.107" /><testcase classname="backend.tests.test_iter53_stage_change_and_tickets.TestStageRollbackMap" name="test_status_change_activity_log" time="0.521" /><testcase classname="backend.tests.test_iter53_stage_change_and_tickets.TestStageRollbackMap" name="test_all_statuses_have_valid_transitions" time="0.127" /></testsuite></testsuites>