<?xml version="1.0" encoding="utf-8"?><testsuites name="pytest tests"><testsuite name="pytest" errors="0" failures="0" skipped="0" tests="6" time="2.679" timestamp="2026-02-04T19:08:47.866192+00:00" hostname="agent-env-bd3a0b45-26ab-4b89-9940-e4b5df29a702"><testcase classname="backend.tests.test_related_to_feature.TestRelatedToFeature" name="test_admin_login" time="0.607" /><testcase classname="backend.tests.test_related_to_feature.TestRelatedToFeature" name="test_create_ticket_from_admin_support_with_related_to" time="0.387" /><testcase classname="backend.tests.test_related_to_feature.TestRelatedToFeature" name="test_create_query_from_public_add_page_with_related_to" time="0.344" /><testcase classname="backend.tests.test_related_to_feature.TestRelatedToFeature" name="test_create_ticket_from_school_crm_with_related_to" time="0.382" /><testcase classname="backend.tests.test_related_to_feature.TestRelatedToFeature" name="test_related_to_options_coverage" time="0.607" /><testcase classname="backend.tests.test_related_to_feature.TestRelatedToFeature" name="test_support_queries_list_includes_related_to" time="0.301" /></testsuite></testsuites>