<?xml version="1.0" encoding="utf-8"?><testsuites name="pytest tests"><testsuite name="pytest" errors="0" failures="0" skipped="0" tests="8" time="2.391" timestamp="2026-03-21T09:29:43.976691+00:00" hostname="agent-env-cf9e2f31-5724-4094-b60b-f48bf63edb95"><testcase classname="tests.test_shutdown_and_resend.TestHealthAndShutdown" name="test_health_endpoint" time="0.169" /><testcase classname="tests.test_shutdown_and_resend.TestServiceApiKeys" name="test_get_service_api_keys" time="0.451" /><testcase classname="tests.test_shutdown_and_resend.TestServiceApiKeys" name="test_resend_test_email_endpoint" time="0.666" /><testcase classname="tests.test_shutdown_and_resend.TestServiceApiKeys" name="test_resend_test_email_detects_key_type" time="0.621" /><testcase classname="tests.test_shutdown_and_resend.TestServiceApiKeys" name="test_resend_test_email_requires_auth" time="0.114" /><testcase classname="tests.test_shutdown_and_resend.TestServiceApiKeys" name="test_get_service_api_keys_requires_auth" time="0.108" /><testcase classname="tests.test_shutdown_and_resend.TestShutdownHandler" name="test_mongo_client_import" time="0.095" /><testcase classname="tests.test_shutdown_and_resend.TestShutdownHandler" name="test_backend_restarts_cleanly" time="0.097" /></testsuite></testsuites>