<?xml version="1.0" encoding="utf-8"?><testsuites name="pytest tests"><testsuite name="pytest" errors="0" failures="0" skipped="0" tests="6" time="1.697" timestamp="2026-04-24T06:30:39.997204+00:00" hostname="agent-env-5cd746f7-5e6b-4082-aabc-9a1ca2f5b97a"><testcase classname="backend.tests.test_iter74_team_performance.TestDashboardTeamPerformance" name="test_dashboard_returns_team_performance" time="0.497" /><testcase classname="backend.tests.test_iter74_team_performance.TestDashboardTeamPerformance" name="test_team_performance_row_schema" time="0.117" /><testcase classname="backend.tests.test_iter74_team_performance.TestDashboardTeamPerformance" name="test_unassigned_schema" time="0.112" /><testcase classname="backend.tests.test_iter74_team_performance.TestDashboardTeamPerformance" name="test_team_performance_sorted_by_converted_then_leads" time="0.110" /><testcase classname="backend.tests.test_iter74_team_performance.TestDashboardTeamPerformance" name="test_totals_vs_bookings_consistency" time="0.105" /><testcase classname="backend.tests.test_iter74_team_performance.TestAssignUnassign" name="test_assign_then_unassign" time="0.696" /></testsuite></testsuites>