<?xml version="1.0" encoding="utf-8"?><testsuites name="pytest tests"><testsuite name="pytest" errors="0" failures="1" skipped="0" tests="17" time="2.653" timestamp="2026-02-04T02:29:48.226402+00:00" hostname="agent-env-5cc5b4cd-4535-49cd-bf94-2ea9f2f01ef8"><testcase classname="backend.tests.test_team_onboarding.TestTeamOnboardingFeature" name="test_get_team_onboardings" time="0.341" /><testcase classname="backend.tests.test_team_onboarding.TestTeamOnboardingFeature" name="test_get_team_onboardings_by_status" time="0.039" /><testcase classname="backend.tests.test_team_onboarding.TestTeamOnboardingFeature" name="test_init_team_onboarding" time="0.080" /><testcase classname="backend.tests.test_team_onboarding.TestTeamOnboardingFeature" name="test_init_onboarding_duplicate" time="0.035" /><testcase classname="backend.tests.test_team_onboarding.TestTeamOnboardingFeature" name="test_public_tracking_page_valid_token" time="0.072" /><testcase classname="backend.tests.test_team_onboarding.TestTeamOnboardingFeature" name="test_public_tracking_page_invalid_token" time="0.039" /><testcase classname="backend.tests.test_team_onboarding.TestTeamOnboardingFeature" name="test_complete_step_personal_info" time="0.072" /><testcase classname="backend.tests.test_team_onboarding.TestTeamOnboardingFeature" name="test_complete_step_bank_details" time="0.075" /><testcase classname="backend.tests.test_team_onboarding.TestTeamOnboardingFeature" name="test_complete_step_contract_signing" time="0.077" /><testcase classname="backend.tests.test_team_onboarding.TestTeamOnboardingFeature" name="test_complete_step_training" time="0.081" /><testcase classname="backend.tests.test_team_onboarding.TestTeamOnboardingFeature" name="test_complete_step_invalid_step_name" time="0.075" /><testcase classname="backend.tests.test_team_onboarding.TestTeamOnboardingFeature" name="test_activate_without_all_steps_complete" time="0.331"><failure message="AssertionError: Expected 400, got 200: {&quot;message&quot;:&quot;Team member activated&quot;,&quot;team_user_id&quot;:&quot;392c38a9-8d59-4ce5-a92c-124c8809d5c1&quot;,&quot;username&quot;:&quot;test_onboard_6aebee02&quot;,&quot;temp_password&quot;:&quot;17ea85f2&quot;}&#10;assert 200 == 400&#10; +  where 200 = &lt;Response [200]&gt;.status_code">backend/tests/test_team_onboarding.py:280: in test_activate_without_all_steps_complete
    assert response.status_code == 400, f"Expected 400, got {response.status_code}: {response.text}"
E   AssertionError: Expected 400, got 200: {"message":"Team member activated","team_user_id":"392c38a9-8d59-4ce5-a92c-124c8809d5c1","username":"test_onboard_6aebee02","temp_password":"17ea85f2"}
E   assert 200 == 400
E    +  where 200 = &lt;Response [200]&gt;.status_code</failure></testcase><testcase classname="backend.tests.test_team_onboarding.TestTeamOnboardingFeature" name="test_discontinue_without_reason" time="0.073" /><testcase classname="backend.tests.test_team_onboarding.TestTeamOnboardingFeature" name="test_discontinue_with_reason" time="0.074" /><testcase classname="backend.tests.test_team_onboarding.TestTeamOnboardingFeature" name="test_hiring_triggers_onboarding" time="0.150" /><testcase classname="backend.tests.test_team_onboarding.TestTeamOnboardingFeature" name="test_get_roles" time="0.035" /><testcase classname="backend.tests.test_team_onboarding.TestTeamOnboardingFullWorkflow" name="test_full_onboarding_workflow" time="0.919" /></testsuite></testsuites>