<?xml version="1.0" encoding="utf-8"?><testsuites name="pytest tests"><testsuite name="pytest" errors="0" failures="0" skipped="0" tests="16" time="3.185" timestamp="2026-03-29T09:34:48.643236+00:00" hostname="agent-env-ae8366f2-f0b9-451a-a56e-1d3541d8b4b3"><testcase classname="backend.tests.test_summer_camp.TestSummerCampRegister" name="test_register_cash_payment_success" time="0.247" /><testcase classname="backend.tests.test_summer_camp.TestSummerCampRegister" name="test_register_innovators_online" time="0.102" /><testcase classname="backend.tests.test_summer_camp.TestSummerCampRegister" name="test_register_all_batch_weeks" time="0.495" /><testcase classname="backend.tests.test_summer_camp.TestSummerCampRegister" name="test_register_invalid_age_group" time="0.094" /><testcase classname="backend.tests.test_summer_camp.TestSummerCampRegister" name="test_register_invalid_batch_type" time="0.095" /><testcase classname="backend.tests.test_summer_camp.TestSummerCampRegister" name="test_register_invalid_mode" time="0.094" /><testcase classname="backend.tests.test_summer_camp.TestSummerCampRegister" name="test_register_invalid_batch_week" time="0.098" /><testcase classname="backend.tests.test_summer_camp.TestSummerCampBookingsAPI" name="test_get_bookings_without_auth_fails" time="0.135" /><testcase classname="backend.tests.test_summer_camp.TestSummerCampBookingsAPI" name="test_get_bookings_with_auth" time="0.456" /><testcase classname="backend.tests.test_summer_camp.TestSummerCampBookingsAPI" name="test_get_bookings_filter_by_crm_status" time="0.195" /><testcase classname="backend.tests.test_summer_camp.TestSummerCampBookingsAPI" name="test_get_bookings_filter_by_age_group" time="0.302" /><testcase classname="backend.tests.test_summer_camp.TestSummerCampStats" name="test_stats_without_auth_fails" time="0.102" /><testcase classname="backend.tests.test_summer_camp.TestSummerCampStats" name="test_stats_with_auth" time="0.091" /><testcase classname="backend.tests.test_summer_camp.TestSummerCampVerify" name="test_verify_nonexistent_booking" time="0.101" /><testcase classname="backend.tests.test_summer_camp.TestSummerCampVerify" name="test_verify_existing_booking" time="0.198" /><testcase classname="backend.tests.test_summer_camp.TestSummerCampDataPersistence" name="test_register_and_verify_data_persists" time="0.308" /></testsuite></testsuites>