<?xml version="1.0" encoding="utf-8"?><testsuites name="pytest tests"><testsuite name="pytest" errors="0" failures="0" skipped="2" tests="23" time="3.004" timestamp="2026-04-21T12:24:30.288027+00:00" hostname="agent-env-5cd746f7-5e6b-4082-aabc-9a1ca2f5b97a"><testcase classname="backend.tests.test_social_media_intern.TestSMICaptureRegister" name="test_capture_lead_creates_new" time="0.277" /><testcase classname="backend.tests.test_social_media_intern.TestSMICaptureRegister" name="test_capture_lead_invalid_phone" time="0.057" /><testcase classname="backend.tests.test_social_media_intern.TestSMICaptureRegister" name="test_capture_lead_duplicate_returns_existing" time="0.055" /><testcase classname="backend.tests.test_social_media_intern.TestSMICaptureRegister" name="test_register_updates_full_details" time="0.061" /><testcase classname="backend.tests.test_social_media_intern.TestSMICaptureRegister" name="test_register_promotes_status_to_lead" time="0.353" /><testcase classname="backend.tests.test_social_media_intern.TestSMIPayment" name="test_initiate_payment_full" time="0.057"><skipped type="pytest.skip" message="Cashfree order creation not configured: 500 {&quot;detail&quot;:&quot;Payment initiation failed: Cashfree.__init__() missing 1 required positional argument: 'XEnvironment'&quot;}">/app/backend/tests/test_social_media_intern.py:114: Cashfree order creation not configured: 500 {"detail":"Payment initiation failed: Cashfree.__init__() missing 1 required positional argument: 'XEnvironment'"}</skipped></testcase><testcase classname="backend.tests.test_social_media_intern.TestSMIPayment" name="test_initiate_payment_invalid_lead" time="0.060" /><testcase classname="backend.tests.test_social_media_intern.TestSMIPayment" name="test_verify_returns_pending_before_payment" time="0.115" /><testcase classname="backend.tests.test_social_media_intern.TestSMIPayment" name="test_verify_unknown_lead" time="0.061" /><testcase classname="backend.tests.test_social_media_intern.TestSMIWebhook" name="test_webhook_marks_lead_as_paid" time="0.186"><skipped type="pytest.skip" message="Cannot test webhook without initiate-payment generating order_id">/app/backend/tests/test_social_media_intern.py:159: Cannot test webhook without initiate-payment generating order_id</skipped></testcase><testcase classname="backend.tests.test_social_media_intern.TestSMICRM" name="test_crm_requires_auth" time="0.113" /><testcase classname="backend.tests.test_social_media_intern.TestSMICRM" name="test_crm_returns_kpis_and_leads" time="0.063" /><testcase classname="backend.tests.test_social_media_intern.TestSMICRM" name="test_crm_search_filter" time="0.056" /><testcase classname="backend.tests.test_social_media_intern.TestSMICRM" name="test_patch_crm_status_requires_auth" time="0.122" /><testcase classname="backend.tests.test_social_media_intern.TestSMICRM" name="test_patch_crm_status_success" time="0.125" /><testcase classname="backend.tests.test_social_media_intern.TestSMICRM" name="test_add_comment_requires_auth" time="0.119" /><testcase classname="backend.tests.test_social_media_intern.TestSMICRM" name="test_add_comment_success" time="0.060" /><testcase classname="backend.tests.test_social_media_intern.TestSMICRM" name="test_delete_requires_auth" time="0.115" /><testcase classname="backend.tests.test_social_media_intern.TestSMICRM" name="test_get_lead_public" time="0.056" /><testcase classname="backend.tests.test_social_media_intern.TestSummerCampRegression" name="test_stats_requires_auth" time="0.153" /><testcase classname="backend.tests.test_social_media_intern.TestSummerCampRegression" name="test_stats_with_admin" time="0.064" /><testcase classname="backend.tests.test_social_media_intern.TestSummerCampRegression" name="test_bookings_with_admin" time="0.075" /><testcase classname="backend.tests.test_social_media_intern.TestSummerCampRegression" name="test_availability_requires_params" time="0.514" /></testsuite></testsuites>